[0.283s] Invoking command in '/home/abdelghafor/ros2_ws/src/build/robotics_sim_project': CMAKE_PREFIX_PATH=${CMAKE_PREFIX_PATH}:/home/abdelghafor/ros2_ws/install/simple_params:/home/abdelghafor/ros2_ws/install/robot_actions:/home/abdelghafor/ros2_ws/install/my_first_package:/opt/ros/humble /usr/bin/cmake /home/abdelghafor/ros2_ws/src/robotics_sim_project -DCMAKE_INSTALL_PREFIX=/home/abdelghafor/ros2_ws/src/install/robotics_sim_project
[0.533s] -- The C compiler identification is GNU 11.4.0
[0.533s] -- The CXX compiler identification is GNU 11.4.0
[0.533s] -- Detecting C compiler ABI info
[0.558s] -- Detecting C compiler ABI info - done
[0.562s] -- Check for working C compiler: /usr/bin/cc - skipped
[0.563s] -- Detecting C compile features
[0.563s] -- Detecting C compile features - done
[0.566s] -- Detecting CXX compiler ABI info
[0.691s] -- Detecting CXX compiler ABI info - done
[0.695s] -- Check for working CXX compiler: /usr/bin/c++ - skipped
[0.696s] -- Detecting CXX compile features
[0.696s] -- Detecting CXX compile features - done
[0.701s] -- Found ament_cmake: 1.3.12 (/opt/ros/humble/share/ament_cmake/cmake)
[0.873s] -- Found Python3: /usr/bin/python3 (found version "3.10.12") found components: Interpreter 
[1.052s] -- Configuring done
[1.056s] -- Generating done
[1.058s] -- Build files have been written to: /home/abdelghafor/ros2_ws/src/build/robotics_sim_project
[1.275s] Invoked command in '/home/abdelghafor/ros2_ws/src/build/robotics_sim_project' returned '0': CMAKE_PREFIX_PATH=${CMAKE_PREFIX_PATH}:/home/abdelghafor/ros2_ws/install/simple_params:/home/abdelghafor/ros2_ws/install/robot_actions:/home/abdelghafor/ros2_ws/install/my_first_package:/opt/ros/humble /usr/bin/cmake /home/abdelghafor/ros2_ws/src/robotics_sim_project -DCMAKE_INSTALL_PREFIX=/home/abdelghafor/ros2_ws/src/install/robotics_sim_project
[1.276s] Invoking command in '/home/abdelghafor/ros2_ws/src/build/robotics_sim_project': CMAKE_PREFIX_PATH=${CMAKE_PREFIX_PATH}:/home/abdelghafor/ros2_ws/install/simple_params:/home/abdelghafor/ros2_ws/install/robot_actions:/home/abdelghafor/ros2_ws/install/my_first_package:/opt/ros/humble /usr/bin/cmake --build /home/abdelghafor/ros2_ws/src/build/robotics_sim_project -- -j16 -l16
[1.332s] Invoked command in '/home/abdelghafor/ros2_ws/src/build/robotics_sim_project' returned '0': CMAKE_PREFIX_PATH=${CMAKE_PREFIX_PATH}:/home/abdelghafor/ros2_ws/install/simple_params:/home/abdelghafor/ros2_ws/install/robot_actions:/home/abdelghafor/ros2_ws/install/my_first_package:/opt/ros/humble /usr/bin/cmake --build /home/abdelghafor/ros2_ws/src/build/robotics_sim_project -- -j16 -l16
[1.334s] Invoking command in '/home/abdelghafor/ros2_ws/src/build/robotics_sim_project': CMAKE_PREFIX_PATH=${CMAKE_PREFIX_PATH}:/home/abdelghafor/ros2_ws/install/simple_params:/home/abdelghafor/ros2_ws/install/robot_actions:/home/abdelghafor/ros2_ws/install/my_first_package:/opt/ros/humble /usr/bin/cmake --install /home/abdelghafor/ros2_ws/src/build/robotics_sim_project
[1.344s] -- Install configuration: ""
[1.344s] -- Installing: /home/abdelghafor/ros2_ws/src/install/robotics_sim_project/share/robotics_sim_project//worlds
[1.345s] -- Installing: /home/abdelghafor/ros2_ws/src/install/robotics_sim_project/share/robotics_sim_project//launch
[1.345s] -- Installing: /home/abdelghafor/ros2_ws/src/install/robotics_sim_project/share/robotics_sim_project//launch/gazebo_simple_arm.launch.py
[1.345s] -- Installing: /home/abdelghafor/ros2_ws/src/install/robotics_sim_project/share/robotics_sim_project//launch/rviz_display.launch.py
[1.345s] -- Installing: /home/abdelghafor/ros2_ws/src/install/robotics_sim_project/share/robotics_sim_project//urdf
[1.346s] -- Installing: /home/abdelghafor/ros2_ws/src/install/robotics_sim_project/share/robotics_sim_project//urdf/common
[1.346s] -- Installing: /home/abdelghafor/ros2_ws/src/install/robotics_sim_project/share/robotics_sim_project//urdf/common/gazebo_materials.xacro
[1.346s] -- Installing: /home/abdelghafor/ros2_ws/src/install/robotics_sim_project/share/robotics_sim_project//urdf/common/materials.xacro
[1.346s] -- Installing: /home/abdelghafor/ros2_ws/src/install/robotics_sim_project/share/robotics_sim_project//urdf/common/properties.xacro
[1.348s] -- Installing: /home/abdelghafor/ros2_ws/src/install/robotics_sim_project/share/robotics_sim_project//urdf/common/inertias.xacro
[1.348s] -- Installing: /home/abdelghafor/ros2_ws/src/install/robotics_sim_project/share/robotics_sim_project//urdf/simple_arm.urdf.xacro
[1.349s] -- Installing: /home/abdelghafor/ros2_ws/src/install/robotics_sim_project/share/robotics_sim_project//urdf/simple_arm.urdf
[1.349s] -- Installing: /home/abdelghafor/ros2_ws/src/install/robotics_sim_project/share/robotics_sim_project//urdf/components
[1.349s] -- Installing: /home/abdelghafor/ros2_ws/src/install/robotics_sim_project/share/robotics_sim_project//meshes
[1.349s] -- Installing: /home/abdelghafor/ros2_ws/src/install/robotics_sim_project/share/ament_index/resource_index/package_run_dependencies/robotics_sim_project
[1.350s] -- Installing: /home/abdelghafor/ros2_ws/src/install/robotics_sim_project/share/ament_index/resource_index/parent_prefix_path/robotics_sim_project
[1.350s] -- Installing: /home/abdelghafor/ros2_ws/src/install/robotics_sim_project/share/robotics_sim_project/environment/ament_prefix_path.sh
[1.350s] -- Installing: /home/abdelghafor/ros2_ws/src/install/robotics_sim_project/share/robotics_sim_project/environment/ament_prefix_path.dsv
[1.350s] -- Installing: /home/abdelghafor/ros2_ws/src/install/robotics_sim_project/share/robotics_sim_project/environment/path.sh
[1.350s] -- Installing: /home/abdelghafor/ros2_ws/src/install/robotics_sim_project/share/robotics_sim_project/environment/path.dsv
[1.350s] -- Installing: /home/abdelghafor/ros2_ws/src/install/robotics_sim_project/share/robotics_sim_project/local_setup.bash
[1.350s] -- Installing: /home/abdelghafor/ros2_ws/src/install/robotics_sim_project/share/robotics_sim_project/local_setup.sh
[1.351s] -- Installing: /home/abdelghafor/ros2_ws/src/install/robotics_sim_project/share/robotics_sim_project/local_setup.zsh
[1.351s] -- Installing: /home/abdelghafor/ros2_ws/src/install/robotics_sim_project/share/robotics_sim_project/local_setup.dsv
[1.352s] -- Installing: /home/abdelghafor/ros2_ws/src/install/robotics_sim_project/share/robotics_sim_project/package.dsv
[1.352s] -- Installing: /home/abdelghafor/ros2_ws/src/install/robotics_sim_project/share/ament_index/resource_index/packages/robotics_sim_project
[1.352s] -- Installing: /home/abdelghafor/ros2_ws/src/install/robotics_sim_project/share/robotics_sim_project/cmake/robotics_sim_projectConfig.cmake
[1.352s] -- Installing: /home/abdelghafor/ros2_ws/src/install/robotics_sim_project/share/robotics_sim_project/cmake/robotics_sim_projectConfig-version.cmake
[1.353s] -- Installing: /home/abdelghafor/ros2_ws/src/install/robotics_sim_project/share/robotics_sim_project/package.xml
[1.359s] Invoked command in '/home/abdelghafor/ros2_ws/src/build/robotics_sim_project' returned '0': CMAKE_PREFIX_PATH=${CMAKE_PREFIX_PATH}:/home/abdelghafor/ros2_ws/install/simple_params:/home/abdelghafor/ros2_ws/install/robot_actions:/home/abdelghafor/ros2_ws/install/my_first_package:/opt/ros/humble /usr/bin/cmake --install /home/abdelghafor/ros2_ws/src/build/robotics_sim_project
