[0.864s] Invoking command in '/home/abdelghafor/ros2_ws/src/my_first_package': PYTHONPATH=/home/abdelghafor/ros2_ws/src/build/my_first_package/prefix_override:/usr/lib/python3/dist-packages/colcon_core/task/python/colcon_distutils_commands:/home/abdelghafor/ros2_ws/src/install/my_first_package/lib/python3.10/site-packages:${PYTHONPATH} /usr/bin/python3 -W ignore:setup.py install is deprecated -W ignore:easy_install command is deprecated setup.py egg_info --egg-base ../build/my_first_package build --build-base /home/abdelghafor/ros2_ws/src/build/my_first_package/build install --record /home/abdelghafor/ros2_ws/src/build/my_first_package/install.log --single-version-externally-managed install_data
[1.094s] running egg_info
[1.094s] creating ../build/my_first_package/my_first_package.egg-info
[1.095s] writing ../build/my_first_package/my_first_package.egg-info/PKG-INFO
[1.095s] writing dependency_links to ../build/my_first_package/my_first_package.egg-info/dependency_links.txt
[1.095s] writing entry points to ../build/my_first_package/my_first_package.egg-info/entry_points.txt
[1.096s] writing requirements to ../build/my_first_package/my_first_package.egg-info/requires.txt
[1.096s] writing top-level names to ../build/my_first_package/my_first_package.egg-info/top_level.txt
[1.096s] writing manifest file '../build/my_first_package/my_first_package.egg-info/SOURCES.txt'
[1.096s] reading manifest file '../build/my_first_package/my_first_package.egg-info/SOURCES.txt'
[1.098s] writing manifest file '../build/my_first_package/my_first_package.egg-info/SOURCES.txt'
[1.098s] running build
[1.098s] running build_py
[1.098s] creating /home/abdelghafor/ros2_ws/src/build/my_first_package/build
[1.098s] creating /home/abdelghafor/ros2_ws/src/build/my_first_package/build/lib
[1.099s] creating /home/abdelghafor/ros2_ws/src/build/my_first_package/build/lib/my_first_package
[1.099s] copying my_first_package/__init__.py -> /home/abdelghafor/ros2_ws/src/build/my_first_package/build/lib/my_first_package
[1.100s] running install
[1.100s] running install_lib
[1.102s] creating /home/abdelghafor/ros2_ws/src/install/my_first_package/lib/python3.10/site-packages/my_first_package
[1.102s] copying /home/abdelghafor/ros2_ws/src/build/my_first_package/build/lib/my_first_package/__init__.py -> /home/abdelghafor/ros2_ws/src/install/my_first_package/lib/python3.10/site-packages/my_first_package
[1.102s] byte-compiling /home/abdelghafor/ros2_ws/src/install/my_first_package/lib/python3.10/site-packages/my_first_package/__init__.py to __init__.cpython-310.pyc
[1.102s] running install_data
[1.102s] creating /home/abdelghafor/ros2_ws/src/install/my_first_package/share/ament_index
[1.102s] creating /home/abdelghafor/ros2_ws/src/install/my_first_package/share/ament_index/resource_index
[1.102s] creating /home/abdelghafor/ros2_ws/src/install/my_first_package/share/ament_index/resource_index/packages
[1.102s] copying resource/my_first_package -> /home/abdelghafor/ros2_ws/src/install/my_first_package/share/ament_index/resource_index/packages
[1.103s] copying package.xml -> /home/abdelghafor/ros2_ws/src/install/my_first_package/share/my_first_package
[1.103s] running install_egg_info
[1.103s] Copying ../build/my_first_package/my_first_package.egg-info to /home/abdelghafor/ros2_ws/src/install/my_first_package/lib/python3.10/site-packages/my_first_package-0.0.0-py3.10.egg-info
[1.103s] running install_scripts
[1.124s] Installing publisher script to /home/abdelghafor/ros2_ws/src/install/my_first_package/lib/my_first_package
[1.124s] Installing subscriber script to /home/abdelghafor/ros2_ws/src/install/my_first_package/lib/my_first_package
[1.124s] writing list of installed files to '/home/abdelghafor/ros2_ws/src/build/my_first_package/install.log'
[1.290s] Invoked command in '/home/abdelghafor/ros2_ws/src/my_first_package' returned '0': PYTHONPATH=/home/abdelghafor/ros2_ws/src/build/my_first_package/prefix_override:/usr/lib/python3/dist-packages/colcon_core/task/python/colcon_distutils_commands:/home/abdelghafor/ros2_ws/src/install/my_first_package/lib/python3.10/site-packages:${PYTHONPATH} /usr/bin/python3 -W ignore:setup.py install is deprecated -W ignore:easy_install command is deprecated setup.py egg_info --egg-base ../build/my_first_package build --build-base /home/abdelghafor/ros2_ws/src/build/my_first_package/build install --record /home/abdelghafor/ros2_ws/src/build/my_first_package/install.log --single-version-externally-managed install_data
