[0.284s] Invoking command in '/home/abdelghafor/ros2_ws/src/build/robotic_chair_description': CMAKE_PREFIX_PATH=${CMAKE_PREFIX_PATH}:/home/abdelghafor/ros2_ws/install/simple_params:/home/abdelghafor/ros2_ws/install/robot_actions:/home/abdelghafor/ros2_ws/install/my_first_package:/opt/ros/humble /usr/bin/cmake /home/abdelghafor/ros2_ws/src/robotic_chair_description  -DCMAKE_INSTALL_PREFIX=/home/abdelghafor/ros2_ws/src/install/robotic_chair_description
[0.539s] -- The C compiler identification is GNU 11.4.0
[0.539s] -- The CXX compiler identification is GNU 11.4.0
[0.539s] -- Detecting C compiler ABI info
[0.574s] -- Detecting C compiler ABI info - done
[0.578s] -- Check for working C compiler: /usr/bin/cc - skipped
[0.578s] -- Detecting C compile features
[0.579s] -- Detecting C compile features - done
[0.582s] -- Detecting CXX compiler ABI info
[0.705s] -- Detecting CXX compiler ABI info - done
[0.710s] -- Check for working CXX compiler: /usr/bin/c++ - skipped
[0.711s] -- Detecting CXX compile features
[0.711s] -- Detecting CXX compile features - done
[0.716s] -- Found ament_cmake: 1.3.12 (/opt/ros/humble/share/ament_cmake/cmake)
[0.882s] -- Found Python3: /usr/bin/python3 (found version "3.10.12") found components: Interpreter 
[1.068s] -- Configuring done
[1.072s] -- Generating done
[1.074s] -- Build files have been written to: /home/abdelghafor/ros2_ws/src/build/robotic_chair_description
[1.290s] Invoked command in '/home/abdelghafor/ros2_ws/src/build/robotic_chair_description' returned '0': CMAKE_PREFIX_PATH=${CMAKE_PREFIX_PATH}:/home/abdelghafor/ros2_ws/install/simple_params:/home/abdelghafor/ros2_ws/install/robot_actions:/home/abdelghafor/ros2_ws/install/my_first_package:/opt/ros/humble /usr/bin/cmake /home/abdelghafor/ros2_ws/src/robotic_chair_description  -DCMAKE_INSTALL_PREFIX=/home/abdelghafor/ros2_ws/src/install/robotic_chair_description
[1.290s] Invoking command in '/home/abdelghafor/ros2_ws/src/build/robotic_chair_description': CMAKE_PREFIX_PATH=${CMAKE_PREFIX_PATH}:/home/abdelghafor/ros2_ws/install/simple_params:/home/abdelghafor/ros2_ws/install/robot_actions:/home/abdelghafor/ros2_ws/install/my_first_package:/opt/ros/humble /usr/bin/cmake --build /home/abdelghafor/ros2_ws/src/build/robotic_chair_description -- -j16 -l16
[1.360s] Invoked command in '/home/abdelghafor/ros2_ws/src/build/robotic_chair_description' returned '0': CMAKE_PREFIX_PATH=${CMAKE_PREFIX_PATH}:/home/abdelghafor/ros2_ws/install/simple_params:/home/abdelghafor/ros2_ws/install/robot_actions:/home/abdelghafor/ros2_ws/install/my_first_package:/opt/ros/humble /usr/bin/cmake --build /home/abdelghafor/ros2_ws/src/build/robotic_chair_description -- -j16 -l16
[1.363s] Invoking command in '/home/abdelghafor/ros2_ws/src/build/robotic_chair_description': CMAKE_PREFIX_PATH=${CMAKE_PREFIX_PATH}:/home/abdelghafor/ros2_ws/install/simple_params:/home/abdelghafor/ros2_ws/install/robot_actions:/home/abdelghafor/ros2_ws/install/my_first_package:/opt/ros/humble /usr/bin/cmake --install /home/abdelghafor/ros2_ws/src/build/robotic_chair_description
[1.373s] -- Install configuration: ""
[1.373s] -- Installing: /home/abdelghafor/ros2_ws/src/install/robotic_chair_description/share/robotic_chair_description/urdf
[1.373s] -- Installing: /home/abdelghafor/ros2_ws/src/install/robotic_chair_description/share/robotic_chair_description/urdf/chair.urdf
[1.374s] -- Installing: /home/abdelghafor/ros2_ws/src/install/robotic_chair_description/share/robotic_chair_description/launch
[1.374s] -- Installing: /home/abdelghafor/ros2_ws/src/install/robotic_chair_description/share/robotic_chair_description/launch/sim.launch.py
[1.374s] -- Installing: /home/abdelghafor/ros2_ws/src/install/robotic_chair_description/share/ament_index/resource_index/package_run_dependencies/robotic_chair_description
[1.375s] -- Installing: /home/abdelghafor/ros2_ws/src/install/robotic_chair_description/share/ament_index/resource_index/parent_prefix_path/robotic_chair_description
[1.376s] -- Installing: /home/abdelghafor/ros2_ws/src/install/robotic_chair_description/share/robotic_chair_description/environment/ament_prefix_path.sh
[1.376s] -- Installing: /home/abdelghafor/ros2_ws/src/install/robotic_chair_description/share/robotic_chair_description/environment/ament_prefix_path.dsv
[1.376s] -- Installing: /home/abdelghafor/ros2_ws/src/install/robotic_chair_description/share/robotic_chair_description/environment/path.sh
[1.377s] -- Installing: /home/abdelghafor/ros2_ws/src/install/robotic_chair_description/share/robotic_chair_description/environment/path.dsv
[1.377s] -- Installing: /home/abdelghafor/ros2_ws/src/install/robotic_chair_description/share/robotic_chair_description/local_setup.bash
[1.377s] -- Installing: /home/abdelghafor/ros2_ws/src/install/robotic_chair_description/share/robotic_chair_description/local_setup.sh
[1.377s] -- Installing: /home/abdelghafor/ros2_ws/src/install/robotic_chair_description/share/robotic_chair_description/local_setup.zsh
[1.378s] -- Installing: /home/abdelghafor/ros2_ws/src/install/robotic_chair_description/share/robotic_chair_description/local_setup.dsv
[1.378s] -- Installing: /home/abdelghafor/ros2_ws/src/install/robotic_chair_description/share/robotic_chair_description/package.dsv
[1.378s] -- Installing: /home/abdelghafor/ros2_ws/src/install/robotic_chair_description/share/ament_index/resource_index/packages/robotic_chair_description
[1.378s] -- Installing: /home/abdelghafor/ros2_ws/src/install/robotic_chair_description/share/robotic_chair_description/cmake/robotic_chair_descriptionConfig.cmake
[1.379s] -- Installing: /home/abdelghafor/ros2_ws/src/install/robotic_chair_description/share/robotic_chair_description/cmake/robotic_chair_descriptionConfig-version.cmake
[1.379s] -- Installing: /home/abdelghafor/ros2_ws/src/install/robotic_chair_description/share/robotic_chair_description/package.xml
[1.388s] Invoked command in '/home/abdelghafor/ros2_ws/src/build/robotic_chair_description' returned '0': CMAKE_PREFIX_PATH=${CMAKE_PREFIX_PATH}:/home/abdelghafor/ros2_ws/install/simple_params:/home/abdelghafor/ros2_ws/install/robot_actions:/home/abdelghafor/ros2_ws/install/my_first_package:/opt/ros/humble /usr/bin/cmake --install /home/abdelghafor/ros2_ws/src/build/robotic_chair_description
