[0.848s] Invoking command in '/home/abdelghafor/ros2_ws/src/simple_params': PYTHONPATH=/home/abdelghafor/ros2_ws/src/build/simple_params/prefix_override:/usr/lib/python3/dist-packages/colcon_core/task/python/colcon_distutils_commands:/home/abdelghafor/ros2_ws/src/install/simple_params/lib/python3.10/site-packages:${PYTHONPATH} /usr/bin/python3 -W ignore:setup.py install is deprecated -W ignore:easy_install command is deprecated setup.py egg_info --egg-base ../build/simple_params build --build-base /home/abdelghafor/ros2_ws/src/build/simple_params/build install --record /home/abdelghafor/ros2_ws/src/build/simple_params/install.log --single-version-externally-managed install_data
[1.072s] running egg_info
[1.073s] creating ../build/simple_params/simple_params.egg-info
[1.073s] writing ../build/simple_params/simple_params.egg-info/PKG-INFO
[1.074s] writing dependency_links to ../build/simple_params/simple_params.egg-info/dependency_links.txt
[1.075s] writing entry points to ../build/simple_params/simple_params.egg-info/entry_points.txt
[1.075s] writing requirements to ../build/simple_params/simple_params.egg-info/requires.txt
[1.075s] writing top-level names to ../build/simple_params/simple_params.egg-info/top_level.txt
[1.075s] writing manifest file '../build/simple_params/simple_params.egg-info/SOURCES.txt'
[1.075s] reading manifest file '../build/simple_params/simple_params.egg-info/SOURCES.txt'
[1.076s] writing manifest file '../build/simple_params/simple_params.egg-info/SOURCES.txt'
[1.076s] running build
[1.076s] running build_py
[1.076s] creating /home/abdelghafor/ros2_ws/src/build/simple_params/build
[1.076s] creating /home/abdelghafor/ros2_ws/src/build/simple_params/build/lib
[1.076s] creating /home/abdelghafor/ros2_ws/src/build/simple_params/build/lib/simple_params
[1.077s] copying simple_params/__init__.py -> /home/abdelghafor/ros2_ws/src/build/simple_params/build/lib/simple_params
[1.077s] copying simple_params/temp_publisher.py -> /home/abdelghafor/ros2_ws/src/build/simple_params/build/lib/simple_params
[1.079s] running install
[1.079s] running install_lib
[1.080s] creating /home/abdelghafor/ros2_ws/src/install/simple_params/lib/python3.10/site-packages/simple_params
[1.080s] copying /home/abdelghafor/ros2_ws/src/build/simple_params/build/lib/simple_params/__init__.py -> /home/abdelghafor/ros2_ws/src/install/simple_params/lib/python3.10/site-packages/simple_params
[1.080s] copying /home/abdelghafor/ros2_ws/src/build/simple_params/build/lib/simple_params/temp_publisher.py -> /home/abdelghafor/ros2_ws/src/install/simple_params/lib/python3.10/site-packages/simple_params
[1.080s] byte-compiling /home/abdelghafor/ros2_ws/src/install/simple_params/lib/python3.10/site-packages/simple_params/__init__.py to __init__.cpython-310.pyc
[1.080s] byte-compiling /home/abdelghafor/ros2_ws/src/install/simple_params/lib/python3.10/site-packages/simple_params/temp_publisher.py to temp_publisher.cpython-310.pyc
[1.081s] running install_data
[1.081s] creating /home/abdelghafor/ros2_ws/src/install/simple_params/share/ament_index
[1.081s] creating /home/abdelghafor/ros2_ws/src/install/simple_params/share/ament_index/resource_index
[1.081s] creating /home/abdelghafor/ros2_ws/src/install/simple_params/share/ament_index/resource_index/packages
[1.081s] copying resource/simple_params -> /home/abdelghafor/ros2_ws/src/install/simple_params/share/ament_index/resource_index/packages
[1.081s] copying package.xml -> /home/abdelghafor/ros2_ws/src/install/simple_params/share/simple_params
[1.081s] running install_egg_info
[1.082s] Copying ../build/simple_params/simple_params.egg-info to /home/abdelghafor/ros2_ws/src/install/simple_params/lib/python3.10/site-packages/simple_params-1.0.0-py3.10.egg-info
[1.083s] running install_scripts
[1.103s] Installing temp_publisher script to /home/abdelghafor/ros2_ws/src/install/simple_params/lib/simple_params
[1.103s] writing list of installed files to '/home/abdelghafor/ros2_ws/src/build/simple_params/install.log'
[1.261s] Invoked command in '/home/abdelghafor/ros2_ws/src/simple_params' returned '0': PYTHONPATH=/home/abdelghafor/ros2_ws/src/build/simple_params/prefix_override:/usr/lib/python3/dist-packages/colcon_core/task/python/colcon_distutils_commands:/home/abdelghafor/ros2_ws/src/install/simple_params/lib/python3.10/site-packages:${PYTHONPATH} /usr/bin/python3 -W ignore:setup.py install is deprecated -W ignore:easy_install command is deprecated setup.py egg_info --egg-base ../build/simple_params build --build-base /home/abdelghafor/ros2_ws/src/build/simple_params/build install --record /home/abdelghafor/ros2_ws/src/build/simple_params/install.log --single-version-externally-managed install_data
