[0.050s] Invoking command in '/home/abdelghafor/ros2_ws/src/build/custom_interfaces': CMAKE_PREFIX_PATH=${CMAKE_PREFIX_PATH}:/home/abdelghafor/ros2_ws/install/simple_params:/home/abdelghafor/ros2_ws/install/robot_actions:/home/abdelghafor/ros2_ws/install/my_first_package:/opt/ros/humble /usr/bin/cmake /home/abdelghafor/ros2_ws/src/custom_interfaces -DCMAKE_INSTALL_PREFIX=/home/abdelghafor/ros2_ws/src/install/custom_interfaces
[0.550s] -- The C compiler identification is GNU 11.4.0
[0.550s] -- The CXX compiler identification is GNU 11.4.0
[0.550s] -- Detecting C compiler ABI info
[0.550s] -- Detecting C compiler ABI info - done
[0.550s] -- Check for working C compiler: /usr/bin/cc - skipped
[0.551s] -- Detecting C compile features
[0.551s] -- Detecting C compile features - done
[0.552s] -- Detecting CXX compiler ABI info
[0.554s] -- Detecting CXX compiler ABI info - done
[0.554s] -- Check for working CXX compiler: /usr/bin/c++ - skipped
[0.554s] -- Detecting CXX compile features
[0.554s] -- Detecting CXX compile features - done
[0.555s] -- Found ament_cmake: 1.3.12 (/opt/ros/humble/share/ament_cmake/cmake)
[0.676s] -- Found Python3: /usr/bin/python3 (found version "3.10.12") found components: Interpreter 
[0.795s] -- Found ament_lint_auto: 0.12.14 (/opt/ros/humble/share/ament_lint_auto/cmake)
[0.891s] -- Added test 'lint_cmake' to check CMake code style
[0.894s] -- Added test 'xmllint' to check XML markup files
[0.897s] -- Configuring done
[0.901s] -- Generating done
[0.903s] -- Build files have been written to: /home/abdelghafor/ros2_ws/src/build/custom_interfaces
[0.912s] Invoked command in '/home/abdelghafor/ros2_ws/src/build/custom_interfaces' returned '0': CMAKE_PREFIX_PATH=${CMAKE_PREFIX_PATH}:/home/abdelghafor/ros2_ws/install/simple_params:/home/abdelghafor/ros2_ws/install/robot_actions:/home/abdelghafor/ros2_ws/install/my_first_package:/opt/ros/humble /usr/bin/cmake /home/abdelghafor/ros2_ws/src/custom_interfaces -DCMAKE_INSTALL_PREFIX=/home/abdelghafor/ros2_ws/src/install/custom_interfaces
[0.913s] Invoking command in '/home/abdelghafor/ros2_ws/src/build/custom_interfaces': CMAKE_PREFIX_PATH=${CMAKE_PREFIX_PATH}:/home/abdelghafor/ros2_ws/install/simple_params:/home/abdelghafor/ros2_ws/install/robot_actions:/home/abdelghafor/ros2_ws/install/my_first_package:/opt/ros/humble /usr/bin/cmake --build /home/abdelghafor/ros2_ws/src/build/custom_interfaces -- -j16 -l16
[0.974s] Invoked command in '/home/abdelghafor/ros2_ws/src/build/custom_interfaces' returned '0': CMAKE_PREFIX_PATH=${CMAKE_PREFIX_PATH}:/home/abdelghafor/ros2_ws/install/simple_params:/home/abdelghafor/ros2_ws/install/robot_actions:/home/abdelghafor/ros2_ws/install/my_first_package:/opt/ros/humble /usr/bin/cmake --build /home/abdelghafor/ros2_ws/src/build/custom_interfaces -- -j16 -l16
[0.992s] Invoking command in '/home/abdelghafor/ros2_ws/src/build/custom_interfaces': CMAKE_PREFIX_PATH=${CMAKE_PREFIX_PATH}:/home/abdelghafor/ros2_ws/install/simple_params:/home/abdelghafor/ros2_ws/install/robot_actions:/home/abdelghafor/ros2_ws/install/my_first_package:/opt/ros/humble /usr/bin/cmake --install /home/abdelghafor/ros2_ws/src/build/custom_interfaces
[1.002s] -- Install configuration: ""
[1.003s] -- Installing: /home/abdelghafor/ros2_ws/src/install/custom_interfaces/share/ament_index/resource_index/package_run_dependencies/custom_interfaces
[1.003s] -- Installing: /home/abdelghafor/ros2_ws/src/install/custom_interfaces/share/ament_index/resource_index/parent_prefix_path/custom_interfaces
[1.003s] -- Installing: /home/abdelghafor/ros2_ws/src/install/custom_interfaces/share/custom_interfaces/environment/ament_prefix_path.sh
[1.003s] -- Installing: /home/abdelghafor/ros2_ws/src/install/custom_interfaces/share/custom_interfaces/environment/ament_prefix_path.dsv
[1.004s] -- Installing: /home/abdelghafor/ros2_ws/src/install/custom_interfaces/share/custom_interfaces/environment/path.sh
[1.004s] -- Installing: /home/abdelghafor/ros2_ws/src/install/custom_interfaces/share/custom_interfaces/environment/path.dsv
[1.004s] -- Installing: /home/abdelghafor/ros2_ws/src/install/custom_interfaces/share/custom_interfaces/local_setup.bash
[1.004s] -- Installing: /home/abdelghafor/ros2_ws/src/install/custom_interfaces/share/custom_interfaces/local_setup.sh
[1.005s] -- Installing: /home/abdelghafor/ros2_ws/src/install/custom_interfaces/share/custom_interfaces/local_setup.zsh
[1.006s] -- Installing: /home/abdelghafor/ros2_ws/src/install/custom_interfaces/share/custom_interfaces/local_setup.dsv
[1.007s] -- Installing: /home/abdelghafor/ros2_ws/src/install/custom_interfaces/share/custom_interfaces/package.dsv
[1.007s] -- Installing: /home/abdelghafor/ros2_ws/src/install/custom_interfaces/share/ament_index/resource_index/packages/custom_interfaces
[1.008s] -- Installing: /home/abdelghafor/ros2_ws/src/install/custom_interfaces/share/custom_interfaces/cmake/custom_interfacesConfig.cmake
[1.009s] -- Installing: /home/abdelghafor/ros2_ws/src/install/custom_interfaces/share/custom_interfaces/cmake/custom_interfacesConfig-version.cmake
[1.010s] -- Installing: /home/abdelghafor/ros2_ws/src/install/custom_interfaces/share/custom_interfaces/package.xml
[1.011s] Invoked command in '/home/abdelghafor/ros2_ws/src/build/custom_interfaces' returned '0': CMAKE_PREFIX_PATH=${CMAKE_PREFIX_PATH}:/home/abdelghafor/ros2_ws/install/simple_params:/home/abdelghafor/ros2_ws/install/robot_actions:/home/abdelghafor/ros2_ws/install/my_first_package:/opt/ros/humble /usr/bin/cmake --install /home/abdelghafor/ros2_ws/src/build/custom_interfaces
