[0.097s] DEBUG:colcon:Command line arguments: ['/usr/bin/colcon', 'build']
[0.097s] DEBUG:colcon:Parsed command line arguments: Namespace(log_base=None, log_level=None, verb_name='build', build_base='build', install_base='install', merge_install=False, symlink_install=False, test_result_base=None, continue_on_error=False, executor='parallel', parallel_workers=16, event_handlers=None, ignore_user_meta=False, metas=['./colcon.meta'], base_paths=['.'], packages_ignore=None, packages_ignore_regex=None, paths=None, packages_up_to=None, packages_up_to_regex=None, packages_above=None, packages_above_and_dependencies=None, packages_above_depth=None, packages_select_by_dep=None, packages_skip_by_dep=None, packages_skip_up_to=None, packages_select_build_failed=False, packages_skip_build_finished=False, packages_select_test_failures=False, packages_skip_test_passed=False, packages_select=None, packages_skip=None, packages_select_regex=None, packages_skip_regex=None, packages_start=None, packages_end=None, allow_overriding=[], cmake_args=None, cmake_target=None, cmake_target_skip_unavailable=False, cmake_clean_cache=False, cmake_clean_first=False, cmake_force_configure=False, ament_cmake_args=None, catkin_cmake_args=None, catkin_skip_building_tests=False, mixin_files=None, mixin=None, verb_parser=<colcon_mixin.mixin.mixin_argument.MixinArgumentDecorator object at 0x7089c224a530>, verb_extension=<colcon_core.verb.build.BuildVerb object at 0x7089c23cba30>, main=<bound method BuildVerb.main of <colcon_core.verb.build.BuildVerb object at 0x7089c23cba30>>, mixin_verb=('build',))
[0.247s] Level 1:colcon.colcon_core.package_discovery:discover_packages(colcon_meta) check parameters
[0.247s] Level 1:colcon.colcon_core.package_discovery:discover_packages(recursive) check parameters
[0.247s] Level 1:colcon.colcon_core.package_discovery:discover_packages(ignore) check parameters
[0.247s] Level 1:colcon.colcon_core.package_discovery:discover_packages(path) check parameters
[0.247s] Level 1:colcon.colcon_core.package_discovery:discover_packages(colcon_meta) discover
[0.247s] Level 1:colcon.colcon_core.package_discovery:discover_packages(recursive) discover
[0.247s] INFO:colcon.colcon_core.package_discovery:Crawling recursively for packages in '/home/abdelghafor/ros2_ws/src'
[0.248s] Level 1:colcon.colcon_core.package_identification:_identify(.) by extensions ['ignore', 'ignore_ament_install']
[0.248s] Level 1:colcon.colcon_core.package_identification:_identify(.) by extension 'ignore'
[0.248s] Level 1:colcon.colcon_core.package_identification:_identify(.) by extension 'ignore_ament_install'
[0.248s] Level 1:colcon.colcon_core.package_identification:_identify(.) by extensions ['colcon_pkg']
[0.248s] Level 1:colcon.colcon_core.package_identification:_identify(.) by extension 'colcon_pkg'
[0.248s] Level 1:colcon.colcon_core.package_identification:_identify(.) by extensions ['colcon_meta']
[0.248s] Level 1:colcon.colcon_core.package_identification:_identify(.) by extension 'colcon_meta'
[0.248s] Level 1:colcon.colcon_core.package_identification:_identify(.) by extensions ['ros']
[0.248s] Level 1:colcon.colcon_core.package_identification:_identify(.) by extension 'ros'
[0.257s] Level 1:colcon.colcon_core.package_identification:_identify(.) by extensions ['cmake', 'python']
[0.257s] Level 1:colcon.colcon_core.package_identification:_identify(.) by extension 'cmake'
[0.257s] Level 1:colcon.colcon_core.package_identification:_identify(.) by extension 'python'
[0.257s] Level 1:colcon.colcon_core.package_identification:_identify(.) by extensions ['python_setup_py']
[0.257s] Level 1:colcon.colcon_core.package_identification:_identify(.) by extension 'python_setup_py'
[0.257s] Level 1:colcon.colcon_core.package_identification:_identify(build) by extensions ['ignore', 'ignore_ament_install']
[0.257s] Level 1:colcon.colcon_core.package_identification:_identify(build) by extension 'ignore'
[0.257s] Level 1:colcon.colcon_core.package_identification:_identify(build) ignored
[0.257s] Level 1:colcon.colcon_core.package_identification:_identify(custom_interfaces) by extensions ['ignore', 'ignore_ament_install']
[0.257s] Level 1:colcon.colcon_core.package_identification:_identify(custom_interfaces) by extension 'ignore'
[0.257s] Level 1:colcon.colcon_core.package_identification:_identify(custom_interfaces) by extension 'ignore_ament_install'
[0.257s] Level 1:colcon.colcon_core.package_identification:_identify(custom_interfaces) by extensions ['colcon_pkg']
[0.257s] Level 1:colcon.colcon_core.package_identification:_identify(custom_interfaces) by extension 'colcon_pkg'
[0.257s] Level 1:colcon.colcon_core.package_identification:_identify(custom_interfaces) by extensions ['colcon_meta']
[0.257s] Level 1:colcon.colcon_core.package_identification:_identify(custom_interfaces) by extension 'colcon_meta'
[0.257s] Level 1:colcon.colcon_core.package_identification:_identify(custom_interfaces) by extensions ['ros']
[0.257s] Level 1:colcon.colcon_core.package_identification:_identify(custom_interfaces) by extension 'ros'
[0.259s] DEBUG:colcon.colcon_core.package_identification:Package 'custom_interfaces' with type 'ros.ament_cmake' and name 'custom_interfaces'
[0.259s] Level 1:colcon.colcon_core.package_identification:_identify(install) by extensions ['ignore', 'ignore_ament_install']
[0.259s] Level 1:colcon.colcon_core.package_identification:_identify(install) by extension 'ignore'
[0.259s] Level 1:colcon.colcon_core.package_identification:_identify(install) ignored
[0.259s] Level 1:colcon.colcon_core.package_identification:_identify(log) by extensions ['ignore', 'ignore_ament_install']
[0.259s] Level 1:colcon.colcon_core.package_identification:_identify(log) by extension 'ignore'
[0.259s] Level 1:colcon.colcon_core.package_identification:_identify(log) ignored
[0.260s] Level 1:colcon.colcon_core.package_identification:_identify(my_first_package) by extensions ['ignore', 'ignore_ament_install']
[0.260s] Level 1:colcon.colcon_core.package_identification:_identify(my_first_package) by extension 'ignore'
[0.260s] Level 1:colcon.colcon_core.package_identification:_identify(my_first_package) by extension 'ignore_ament_install'
[0.260s] Level 1:colcon.colcon_core.package_identification:_identify(my_first_package) by extensions ['colcon_pkg']
[0.260s] Level 1:colcon.colcon_core.package_identification:_identify(my_first_package) by extension 'colcon_pkg'
[0.260s] Level 1:colcon.colcon_core.package_identification:_identify(my_first_package) by extensions ['colcon_meta']
[0.260s] Level 1:colcon.colcon_core.package_identification:_identify(my_first_package) by extension 'colcon_meta'
[0.260s] Level 1:colcon.colcon_core.package_identification:_identify(my_first_package) by extensions ['ros']
[0.260s] Level 1:colcon.colcon_core.package_identification:_identify(my_first_package) by extension 'ros'
[0.260s] DEBUG:colcon.colcon_core.package_identification:Package 'my_first_package' with type 'ros.ament_python' and name 'my_first_package'
[0.260s] Level 1:colcon.colcon_core.package_identification:_identify(robot_actions) by extensions ['ignore', 'ignore_ament_install']
[0.261s] Level 1:colcon.colcon_core.package_identification:_identify(robot_actions) by extension 'ignore'
[0.261s] Level 1:colcon.colcon_core.package_identification:_identify(robot_actions) by extension 'ignore_ament_install'
[0.261s] Level 1:colcon.colcon_core.package_identification:_identify(robot_actions) by extensions ['colcon_pkg']
[0.261s] Level 1:colcon.colcon_core.package_identification:_identify(robot_actions) by extension 'colcon_pkg'
[0.261s] Level 1:colcon.colcon_core.package_identification:_identify(robot_actions) by extensions ['colcon_meta']
[0.261s] Level 1:colcon.colcon_core.package_identification:_identify(robot_actions) by extension 'colcon_meta'
[0.261s] Level 1:colcon.colcon_core.package_identification:_identify(robot_actions) by extensions ['ros']
[0.261s] Level 1:colcon.colcon_core.package_identification:_identify(robot_actions) by extension 'ros'
[0.261s] DEBUG:colcon.colcon_core.package_identification:Package 'robot_actions' with type 'ros.ament_python' and name 'robot_actions'
[0.261s] Level 1:colcon.colcon_core.package_identification:_identify(robotic_chair_description ) by extensions ['ignore', 'ignore_ament_install']
[0.261s] Level 1:colcon.colcon_core.package_identification:_identify(robotic_chair_description ) by extension 'ignore'
[0.261s] Level 1:colcon.colcon_core.package_identification:_identify(robotic_chair_description ) by extension 'ignore_ament_install'
[0.262s] Level 1:colcon.colcon_core.package_identification:_identify(robotic_chair_description ) by extensions ['colcon_pkg']
[0.262s] Level 1:colcon.colcon_core.package_identification:_identify(robotic_chair_description ) by extension 'colcon_pkg'
[0.262s] Level 1:colcon.colcon_core.package_identification:_identify(robotic_chair_description ) by extensions ['colcon_meta']
[0.262s] Level 1:colcon.colcon_core.package_identification:_identify(robotic_chair_description ) by extension 'colcon_meta'
[0.262s] Level 1:colcon.colcon_core.package_identification:_identify(robotic_chair_description ) by extensions ['ros']
[0.262s] Level 1:colcon.colcon_core.package_identification:_identify(robotic_chair_description ) by extension 'ros'
[0.262s] DEBUG:colcon.colcon_core.package_identification:Package 'robotic_chair_description ' with type 'ros.ament_cmake' and name 'robotic_chair_description'
[0.262s] Level 1:colcon.colcon_core.package_identification:_identify(robotics_sim_project) by extensions ['ignore', 'ignore_ament_install']
[0.262s] Level 1:colcon.colcon_core.package_identification:_identify(robotics_sim_project) by extension 'ignore'
[0.262s] Level 1:colcon.colcon_core.package_identification:_identify(robotics_sim_project) by extension 'ignore_ament_install'
[0.262s] Level 1:colcon.colcon_core.package_identification:_identify(robotics_sim_project) by extensions ['colcon_pkg']
[0.262s] Level 1:colcon.colcon_core.package_identification:_identify(robotics_sim_project) by extension 'colcon_pkg'
[0.262s] Level 1:colcon.colcon_core.package_identification:_identify(robotics_sim_project) by extensions ['colcon_meta']
[0.262s] Level 1:colcon.colcon_core.package_identification:_identify(robotics_sim_project) by extension 'colcon_meta'
[0.262s] Level 1:colcon.colcon_core.package_identification:_identify(robotics_sim_project) by extensions ['ros']
[0.263s] Level 1:colcon.colcon_core.package_identification:_identify(robotics_sim_project) by extension 'ros'
[0.263s] DEBUG:colcon.colcon_core.package_identification:Package 'robotics_sim_project' with type 'ros.ament_cmake' and name 'robotics_sim_project'
[0.263s] Level 1:colcon.colcon_core.package_identification:_identify(simple_params) by extensions ['ignore', 'ignore_ament_install']
[0.263s] Level 1:colcon.colcon_core.package_identification:_identify(simple_params) by extension 'ignore'
[0.263s] Level 1:colcon.colcon_core.package_identification:_identify(simple_params) by extension 'ignore_ament_install'
[0.263s] Level 1:colcon.colcon_core.package_identification:_identify(simple_params) by extensions ['colcon_pkg']
[0.263s] Level 1:colcon.colcon_core.package_identification:_identify(simple_params) by extension 'colcon_pkg'
[0.263s] Level 1:colcon.colcon_core.package_identification:_identify(simple_params) by extensions ['colcon_meta']
[0.263s] Level 1:colcon.colcon_core.package_identification:_identify(simple_params) by extension 'colcon_meta'
[0.263s] Level 1:colcon.colcon_core.package_identification:_identify(simple_params) by extensions ['ros']
[0.263s] Level 1:colcon.colcon_core.package_identification:_identify(simple_params) by extension 'ros'
[0.264s] DEBUG:colcon.colcon_core.package_identification:Package 'simple_params' with type 'ros.ament_python' and name 'simple_params'
[0.264s] Level 1:colcon.colcon_core.package_identification:_identify(simple_worlds) by extensions ['ignore', 'ignore_ament_install']
[0.264s] Level 1:colcon.colcon_core.package_identification:_identify(simple_worlds) by extension 'ignore'
[0.264s] Level 1:colcon.colcon_core.package_identification:_identify(simple_worlds) by extension 'ignore_ament_install'
[0.264s] Level 1:colcon.colcon_core.package_identification:_identify(simple_worlds) by extensions ['colcon_pkg']
[0.264s] Level 1:colcon.colcon_core.package_identification:_identify(simple_worlds) by extension 'colcon_pkg'
[0.264s] Level 1:colcon.colcon_core.package_identification:_identify(simple_worlds) by extensions ['colcon_meta']
[0.264s] Level 1:colcon.colcon_core.package_identification:_identify(simple_worlds) by extension 'colcon_meta'
[0.264s] Level 1:colcon.colcon_core.package_identification:_identify(simple_worlds) by extensions ['ros']
[0.264s] Level 1:colcon.colcon_core.package_identification:_identify(simple_worlds) by extension 'ros'
[0.264s] DEBUG:colcon.colcon_core.package_identification:Package 'simple_worlds' with type 'ros.ament_cmake' and name 'simple_world'
[0.264s] Level 1:colcon.colcon_core.package_discovery:discover_packages(recursive) using defaults
[0.265s] Level 1:colcon.colcon_core.package_discovery:discover_packages(ignore) discover
[0.265s] Level 1:colcon.colcon_core.package_discovery:discover_packages(ignore) using defaults
[0.265s] Level 1:colcon.colcon_core.package_discovery:discover_packages(path) discover
[0.265s] Level 1:colcon.colcon_core.package_discovery:discover_packages(path) using defaults
[0.285s] Level 1:colcon.colcon_core.package_discovery:discover_packages(prefix_path) check parameters
[0.285s] Level 1:colcon.colcon_core.package_discovery:discover_packages(prefix_path) discover
[0.287s] DEBUG:colcon.colcon_installed_package_information.package_discovery:Found 7 installed packages in /home/abdelghafor/ros2_ws/install
[0.287s] DEBUG:colcon.colcon_installed_package_information.package_discovery:Found 0 installed packages in /home/abdelghafor/Desktop/install
[0.289s] DEBUG:colcon.colcon_installed_package_information.package_discovery:Found 289 installed packages in /opt/ros/humble
[0.290s] Level 1:colcon.colcon_core.package_discovery:discover_packages(prefix_path) using defaults
[0.327s] Level 5:colcon.colcon_core.verb:set package 'custom_interfaces' build argument 'cmake_args' from command line to 'None'
[0.327s] Level 5:colcon.colcon_core.verb:set package 'custom_interfaces' build argument 'cmake_target' from command line to 'None'
[0.327s] Level 5:colcon.colcon_core.verb:set package 'custom_interfaces' build argument 'cmake_target_skip_unavailable' from command line to 'False'
[0.327s] Level 5:colcon.colcon_core.verb:set package 'custom_interfaces' build argument 'cmake_clean_cache' from command line to 'False'
[0.327s] Level 5:colcon.colcon_core.verb:set package 'custom_interfaces' build argument 'cmake_clean_first' from command line to 'False'
[0.327s] Level 5:colcon.colcon_core.verb:set package 'custom_interfaces' build argument 'cmake_force_configure' from command line to 'False'
[0.327s] Level 5:colcon.colcon_core.verb:set package 'custom_interfaces' build argument 'ament_cmake_args' from command line to 'None'
[0.327s] Level 5:colcon.colcon_core.verb:set package 'custom_interfaces' build argument 'catkin_cmake_args' from command line to 'None'
[0.327s] Level 5:colcon.colcon_core.verb:set package 'custom_interfaces' build argument 'catkin_skip_building_tests' from command line to 'False'
[0.327s] DEBUG:colcon.colcon_core.verb:Building package 'custom_interfaces' with the following arguments: {'ament_cmake_args': None, 'build_base': '/home/abdelghafor/ros2_ws/src/build/custom_interfaces', 'catkin_cmake_args': None, 'catkin_skip_building_tests': False, 'cmake_args': None, 'cmake_clean_cache': False, 'cmake_clean_first': False, 'cmake_force_configure': False, 'cmake_target': None, 'cmake_target_skip_unavailable': False, 'install_base': '/home/abdelghafor/ros2_ws/src/install/custom_interfaces', 'merge_install': False, 'path': '/home/abdelghafor/ros2_ws/src/custom_interfaces', 'symlink_install': False, 'test_result_base': None}
[0.327s] Level 5:colcon.colcon_core.verb:set package 'my_first_package' build argument 'cmake_args' from command line to 'None'
[0.327s] Level 5:colcon.colcon_core.verb:set package 'my_first_package' build argument 'cmake_target' from command line to 'None'
[0.327s] Level 5:colcon.colcon_core.verb:set package 'my_first_package' build argument 'cmake_target_skip_unavailable' from command line to 'False'
[0.328s] Level 5:colcon.colcon_core.verb:set package 'my_first_package' build argument 'cmake_clean_cache' from command line to 'False'
[0.328s] Level 5:colcon.colcon_core.verb:set package 'my_first_package' build argument 'cmake_clean_first' from command line to 'False'
[0.328s] Level 5:colcon.colcon_core.verb:set package 'my_first_package' build argument 'cmake_force_configure' from command line to 'False'
[0.328s] Level 5:colcon.colcon_core.verb:set package 'my_first_package' build argument 'ament_cmake_args' from command line to 'None'
[0.328s] Level 5:colcon.colcon_core.verb:set package 'my_first_package' build argument 'catkin_cmake_args' from command line to 'None'
[0.328s] Level 5:colcon.colcon_core.verb:set package 'my_first_package' build argument 'catkin_skip_building_tests' from command line to 'False'
[0.328s] DEBUG:colcon.colcon_core.verb:Building package 'my_first_package' with the following arguments: {'ament_cmake_args': None, 'build_base': '/home/abdelghafor/ros2_ws/src/build/my_first_package', 'catkin_cmake_args': None, 'catkin_skip_building_tests': False, 'cmake_args': None, 'cmake_clean_cache': False, 'cmake_clean_first': False, 'cmake_force_configure': False, 'cmake_target': None, 'cmake_target_skip_unavailable': False, 'install_base': '/home/abdelghafor/ros2_ws/src/install/my_first_package', 'merge_install': False, 'path': '/home/abdelghafor/ros2_ws/src/my_first_package', 'symlink_install': False, 'test_result_base': None}
[0.328s] Level 5:colcon.colcon_core.verb:set package 'robotic_chair_description' build argument 'cmake_args' from command line to 'None'
[0.328s] Level 5:colcon.colcon_core.verb:set package 'robotic_chair_description' build argument 'cmake_target' from command line to 'None'
[0.328s] Level 5:colcon.colcon_core.verb:set package 'robotic_chair_description' build argument 'cmake_target_skip_unavailable' from command line to 'False'
[0.328s] Level 5:colcon.colcon_core.verb:set package 'robotic_chair_description' build argument 'cmake_clean_cache' from command line to 'False'
[0.328s] Level 5:colcon.colcon_core.verb:set package 'robotic_chair_description' build argument 'cmake_clean_first' from command line to 'False'
[0.328s] Level 5:colcon.colcon_core.verb:set package 'robotic_chair_description' build argument 'cmake_force_configure' from command line to 'False'
[0.328s] Level 5:colcon.colcon_core.verb:set package 'robotic_chair_description' build argument 'ament_cmake_args' from command line to 'None'
[0.328s] Level 5:colcon.colcon_core.verb:set package 'robotic_chair_description' build argument 'catkin_cmake_args' from command line to 'None'
[0.328s] Level 5:colcon.colcon_core.verb:set package 'robotic_chair_description' build argument 'catkin_skip_building_tests' from command line to 'False'
[0.328s] DEBUG:colcon.colcon_core.verb:Building package 'robotic_chair_description' with the following arguments: {'ament_cmake_args': None, 'build_base': '/home/abdelghafor/ros2_ws/src/build/robotic_chair_description', 'catkin_cmake_args': None, 'catkin_skip_building_tests': False, 'cmake_args': None, 'cmake_clean_cache': False, 'cmake_clean_first': False, 'cmake_force_configure': False, 'cmake_target': None, 'cmake_target_skip_unavailable': False, 'install_base': '/home/abdelghafor/ros2_ws/src/install/robotic_chair_description', 'merge_install': False, 'path': '/home/abdelghafor/ros2_ws/src/robotic_chair_description ', 'symlink_install': False, 'test_result_base': None}
[0.328s] Level 5:colcon.colcon_core.verb:set package 'robotics_sim_project' build argument 'cmake_args' from command line to 'None'
[0.329s] Level 5:colcon.colcon_core.verb:set package 'robotics_sim_project' build argument 'cmake_target' from command line to 'None'
[0.329s] Level 5:colcon.colcon_core.verb:set package 'robotics_sim_project' build argument 'cmake_target_skip_unavailable' from command line to 'False'
[0.329s] Level 5:colcon.colcon_core.verb:set package 'robotics_sim_project' build argument 'cmake_clean_cache' from command line to 'False'
[0.329s] Level 5:colcon.colcon_core.verb:set package 'robotics_sim_project' build argument 'cmake_clean_first' from command line to 'False'
[0.329s] Level 5:colcon.colcon_core.verb:set package 'robotics_sim_project' build argument 'cmake_force_configure' from command line to 'False'
[0.329s] Level 5:colcon.colcon_core.verb:set package 'robotics_sim_project' build argument 'ament_cmake_args' from command line to 'None'
[0.329s] Level 5:colcon.colcon_core.verb:set package 'robotics_sim_project' build argument 'catkin_cmake_args' from command line to 'None'
[0.329s] Level 5:colcon.colcon_core.verb:set package 'robotics_sim_project' build argument 'catkin_skip_building_tests' from command line to 'False'
[0.329s] DEBUG:colcon.colcon_core.verb:Building package 'robotics_sim_project' with the following arguments: {'ament_cmake_args': None, 'build_base': '/home/abdelghafor/ros2_ws/src/build/robotics_sim_project', 'catkin_cmake_args': None, 'catkin_skip_building_tests': False, 'cmake_args': None, 'cmake_clean_cache': False, 'cmake_clean_first': False, 'cmake_force_configure': False, 'cmake_target': None, 'cmake_target_skip_unavailable': False, 'install_base': '/home/abdelghafor/ros2_ws/src/install/robotics_sim_project', 'merge_install': False, 'path': '/home/abdelghafor/ros2_ws/src/robotics_sim_project', 'symlink_install': False, 'test_result_base': None}
[0.329s] Level 5:colcon.colcon_core.verb:set package 'simple_params' build argument 'cmake_args' from command line to 'None'
[0.329s] Level 5:colcon.colcon_core.verb:set package 'simple_params' build argument 'cmake_target' from command line to 'None'
[0.329s] Level 5:colcon.colcon_core.verb:set package 'simple_params' build argument 'cmake_target_skip_unavailable' from command line to 'False'
[0.329s] Level 5:colcon.colcon_core.verb:set package 'simple_params' build argument 'cmake_clean_cache' from command line to 'False'
[0.329s] Level 5:colcon.colcon_core.verb:set package 'simple_params' build argument 'cmake_clean_first' from command line to 'False'
[0.329s] Level 5:colcon.colcon_core.verb:set package 'simple_params' build argument 'cmake_force_configure' from command line to 'False'
[0.329s] Level 5:colcon.colcon_core.verb:set package 'simple_params' build argument 'ament_cmake_args' from command line to 'None'
[0.329s] Level 5:colcon.colcon_core.verb:set package 'simple_params' build argument 'catkin_cmake_args' from command line to 'None'
[0.329s] Level 5:colcon.colcon_core.verb:set package 'simple_params' build argument 'catkin_skip_building_tests' from command line to 'False'
[0.329s] DEBUG:colcon.colcon_core.verb:Building package 'simple_params' with the following arguments: {'ament_cmake_args': None, 'build_base': '/home/abdelghafor/ros2_ws/src/build/simple_params', 'catkin_cmake_args': None, 'catkin_skip_building_tests': False, 'cmake_args': None, 'cmake_clean_cache': False, 'cmake_clean_first': False, 'cmake_force_configure': False, 'cmake_target': None, 'cmake_target_skip_unavailable': False, 'install_base': '/home/abdelghafor/ros2_ws/src/install/simple_params', 'merge_install': False, 'path': '/home/abdelghafor/ros2_ws/src/simple_params', 'symlink_install': False, 'test_result_base': None}
[0.329s] Level 5:colcon.colcon_core.verb:set package 'simple_world' build argument 'cmake_args' from command line to 'None'
[0.329s] Level 5:colcon.colcon_core.verb:set package 'simple_world' build argument 'cmake_target' from command line to 'None'
[0.329s] Level 5:colcon.colcon_core.verb:set package 'simple_world' build argument 'cmake_target_skip_unavailable' from command line to 'False'
[0.329s] Level 5:colcon.colcon_core.verb:set package 'simple_world' build argument 'cmake_clean_cache' from command line to 'False'
[0.330s] Level 5:colcon.colcon_core.verb:set package 'simple_world' build argument 'cmake_clean_first' from command line to 'False'
[0.330s] Level 5:colcon.colcon_core.verb:set package 'simple_world' build argument 'cmake_force_configure' from command line to 'False'
[0.330s] Level 5:colcon.colcon_core.verb:set package 'simple_world' build argument 'ament_cmake_args' from command line to 'None'
[0.330s] Level 5:colcon.colcon_core.verb:set package 'simple_world' build argument 'catkin_cmake_args' from command line to 'None'
[0.330s] Level 5:colcon.colcon_core.verb:set package 'simple_world' build argument 'catkin_skip_building_tests' from command line to 'False'
[0.330s] DEBUG:colcon.colcon_core.verb:Building package 'simple_world' with the following arguments: {'ament_cmake_args': None, 'build_base': '/home/abdelghafor/ros2_ws/src/build/simple_world', 'catkin_cmake_args': None, 'catkin_skip_building_tests': False, 'cmake_args': None, 'cmake_clean_cache': False, 'cmake_clean_first': False, 'cmake_force_configure': False, 'cmake_target': None, 'cmake_target_skip_unavailable': False, 'install_base': '/home/abdelghafor/ros2_ws/src/install/simple_world', 'merge_install': False, 'path': '/home/abdelghafor/ros2_ws/src/simple_worlds', 'symlink_install': False, 'test_result_base': None}
[0.330s] Level 5:colcon.colcon_core.verb:set package 'robot_actions' build argument 'cmake_args' from command line to 'None'
[0.330s] Level 5:colcon.colcon_core.verb:set package 'robot_actions' build argument 'cmake_target' from command line to 'None'
[0.330s] Level 5:colcon.colcon_core.verb:set package 'robot_actions' build argument 'cmake_target_skip_unavailable' from command line to 'False'
[0.330s] Level 5:colcon.colcon_core.verb:set package 'robot_actions' build argument 'cmake_clean_cache' from command line to 'False'
[0.330s] Level 5:colcon.colcon_core.verb:set package 'robot_actions' build argument 'cmake_clean_first' from command line to 'False'
[0.330s] Level 5:colcon.colcon_core.verb:set package 'robot_actions' build argument 'cmake_force_configure' from command line to 'False'
[0.330s] Level 5:colcon.colcon_core.verb:set package 'robot_actions' build argument 'ament_cmake_args' from command line to 'None'
[0.330s] Level 5:colcon.colcon_core.verb:set package 'robot_actions' build argument 'catkin_cmake_args' from command line to 'None'
[0.330s] Level 5:colcon.colcon_core.verb:set package 'robot_actions' build argument 'catkin_skip_building_tests' from command line to 'False'
[0.330s] DEBUG:colcon.colcon_core.verb:Building package 'robot_actions' with the following arguments: {'ament_cmake_args': None, 'build_base': '/home/abdelghafor/ros2_ws/src/build/robot_actions', 'catkin_cmake_args': None, 'catkin_skip_building_tests': False, 'cmake_args': None, 'cmake_clean_cache': False, 'cmake_clean_first': False, 'cmake_force_configure': False, 'cmake_target': None, 'cmake_target_skip_unavailable': False, 'install_base': '/home/abdelghafor/ros2_ws/src/install/robot_actions', 'merge_install': False, 'path': '/home/abdelghafor/ros2_ws/src/robot_actions', 'symlink_install': False, 'test_result_base': None}
[0.330s] INFO:colcon.colcon_core.executor:Executing jobs using 'parallel' executor
[0.331s] DEBUG:colcon.colcon_parallel_executor.executor.parallel:run_until_complete
[0.331s] INFO:colcon.colcon_ros.task.ament_cmake.build:Building ROS package in '/home/abdelghafor/ros2_ws/src/custom_interfaces' with build type 'ament_cmake'
[0.331s] INFO:colcon.colcon_cmake.task.cmake.build:Building CMake package in '/home/abdelghafor/ros2_ws/src/custom_interfaces'
[0.335s] INFO:colcon.colcon_core.plugin_system:Skipping extension 'colcon_core.shell.bat': Not used on non-Windows systems
[0.335s] INFO:colcon.colcon_core.shell:Skip shell extension 'powershell' for command environment: Not usable outside of PowerShell
[0.335s] DEBUG:colcon.colcon_core.shell:Skip shell extension 'dsv' for command environment
[0.340s] INFO:colcon.colcon_ros.task.ament_python.build:Building ROS package in '/home/abdelghafor/ros2_ws/src/my_first_package' with build type 'ament_python'
[0.340s] Level 1:colcon.colcon_core.shell:create_environment_hook('my_first_package', 'ament_prefix_path')
[0.340s] INFO:colcon.colcon_core.shell:Creating environment hook '/home/abdelghafor/ros2_ws/src/install/my_first_package/share/my_first_package/hook/ament_prefix_path.ps1'
[0.341s] INFO:colcon.colcon_core.shell:Creating environment descriptor '/home/abdelghafor/ros2_ws/src/install/my_first_package/share/my_first_package/hook/ament_prefix_path.dsv'
[0.342s] INFO:colcon.colcon_core.shell:Creating environment hook '/home/abdelghafor/ros2_ws/src/install/my_first_package/share/my_first_package/hook/ament_prefix_path.sh'
[0.342s] INFO:colcon.colcon_core.shell:Skip shell extension 'powershell' for command environment: Not usable outside of PowerShell
[0.342s] DEBUG:colcon.colcon_core.shell:Skip shell extension 'dsv' for command environment
[0.348s] INFO:colcon.colcon_ros.task.ament_cmake.build:Building ROS package in '/home/abdelghafor/ros2_ws/src/robotic_chair_description ' with build type 'ament_cmake'
[0.348s] INFO:colcon.colcon_cmake.task.cmake.build:Building CMake package in '/home/abdelghafor/ros2_ws/src/robotic_chair_description '
[0.348s] INFO:colcon.colcon_core.shell:Skip shell extension 'powershell' for command environment: Not usable outside of PowerShell
[0.348s] DEBUG:colcon.colcon_core.shell:Skip shell extension 'dsv' for command environment
[0.354s] INFO:colcon.colcon_ros.task.ament_cmake.build:Building ROS package in '/home/abdelghafor/ros2_ws/src/robotics_sim_project' with build type 'ament_cmake'
[0.354s] INFO:colcon.colcon_cmake.task.cmake.build:Building CMake package in '/home/abdelghafor/ros2_ws/src/robotics_sim_project'
[0.355s] INFO:colcon.colcon_core.shell:Skip shell extension 'powershell' for command environment: Not usable outside of PowerShell
[0.355s] DEBUG:colcon.colcon_core.shell:Skip shell extension 'dsv' for command environment
[0.361s] INFO:colcon.colcon_ros.task.ament_python.build:Building ROS package in '/home/abdelghafor/ros2_ws/src/simple_params' with build type 'ament_python'
[0.361s] Level 1:colcon.colcon_core.shell:create_environment_hook('simple_params', 'ament_prefix_path')
[0.361s] INFO:colcon.colcon_core.shell:Creating environment hook '/home/abdelghafor/ros2_ws/src/install/simple_params/share/simple_params/hook/ament_prefix_path.ps1'
[0.362s] INFO:colcon.colcon_core.shell:Creating environment descriptor '/home/abdelghafor/ros2_ws/src/install/simple_params/share/simple_params/hook/ament_prefix_path.dsv'
[0.362s] INFO:colcon.colcon_core.shell:Creating environment hook '/home/abdelghafor/ros2_ws/src/install/simple_params/share/simple_params/hook/ament_prefix_path.sh'
[0.363s] INFO:colcon.colcon_core.shell:Skip shell extension 'powershell' for command environment: Not usable outside of PowerShell
[0.363s] DEBUG:colcon.colcon_core.shell:Skip shell extension 'dsv' for command environment
[0.369s] INFO:colcon.colcon_ros.task.ament_cmake.build:Building ROS package in '/home/abdelghafor/ros2_ws/src/simple_worlds' with build type 'ament_cmake'
[0.369s] INFO:colcon.colcon_cmake.task.cmake.build:Building CMake package in '/home/abdelghafor/ros2_ws/src/simple_worlds'
[0.369s] INFO:colcon.colcon_core.shell:Skip shell extension 'powershell' for command environment: Not usable outside of PowerShell
[0.369s] DEBUG:colcon.colcon_core.shell:Skip shell extension 'dsv' for command environment
[0.383s] DEBUG:colcon.colcon_core.event_handler.log_command:Invoking command in '/home/abdelghafor/ros2_ws/src/build/custom_interfaces': CMAKE_PREFIX_PATH=${CMAKE_PREFIX_PATH}:/home/abdelghafor/ros2_ws/install/simple_params:/home/abdelghafor/ros2_ws/install/robot_actions:/home/abdelghafor/ros2_ws/install/my_first_package:/opt/ros/humble /usr/bin/cmake /home/abdelghafor/ros2_ws/src/custom_interfaces -DCMAKE_INSTALL_PREFIX=/home/abdelghafor/ros2_ws/src/install/custom_interfaces
[0.623s] INFO:colcon.colcon_core.task.python.build:Building Python package in '/home/abdelghafor/ros2_ws/src/my_first_package'
[0.623s] INFO:colcon.colcon_core.shell:Skip shell extension 'powershell' for command environment: Not usable outside of PowerShell
[0.623s] DEBUG:colcon.colcon_core.shell:Skip shell extension 'dsv' for command environment
[0.633s] DEBUG:colcon.colcon_core.event_handler.log_command:Invoking command in '/home/abdelghafor/ros2_ws/src/build/robotic_chair_description': CMAKE_PREFIX_PATH=${CMAKE_PREFIX_PATH}:/home/abdelghafor/ros2_ws/install/simple_params:/home/abdelghafor/ros2_ws/install/robot_actions:/home/abdelghafor/ros2_ws/install/my_first_package:/opt/ros/humble /usr/bin/cmake /home/abdelghafor/ros2_ws/src/robotic_chair_description  -DCMAKE_INSTALL_PREFIX=/home/abdelghafor/ros2_ws/src/install/robotic_chair_description
[0.637s] DEBUG:colcon.colcon_core.event_handler.log_command:Invoking command in '/home/abdelghafor/ros2_ws/src/build/robotics_sim_project': CMAKE_PREFIX_PATH=${CMAKE_PREFIX_PATH}:/home/abdelghafor/ros2_ws/install/simple_params:/home/abdelghafor/ros2_ws/install/robot_actions:/home/abdelghafor/ros2_ws/install/my_first_package:/opt/ros/humble /usr/bin/cmake /home/abdelghafor/ros2_ws/src/robotics_sim_project -DCMAKE_INSTALL_PREFIX=/home/abdelghafor/ros2_ws/src/install/robotics_sim_project
[0.873s] INFO:colcon.colcon_core.task.python.build:Building Python package in '/home/abdelghafor/ros2_ws/src/simple_params'
[0.873s] INFO:colcon.colcon_core.shell:Skip shell extension 'powershell' for command environment: Not usable outside of PowerShell
[0.873s] DEBUG:colcon.colcon_core.shell:Skip shell extension 'dsv' for command environment
[0.892s] DEBUG:colcon.colcon_core.event_handler.log_command:Invoking command in '/home/abdelghafor/ros2_ws/src/build/simple_world': CMAKE_PREFIX_PATH=${CMAKE_PREFIX_PATH}:/home/abdelghafor/ros2_ws/install/simple_params:/home/abdelghafor/ros2_ws/install/robot_actions:/home/abdelghafor/ros2_ws/install/my_first_package:/opt/ros/humble /usr/bin/cmake /home/abdelghafor/ros2_ws/src/simple_worlds -DCMAKE_INSTALL_PREFIX=/home/abdelghafor/ros2_ws/src/install/simple_world
[1.205s] DEBUG:colcon.colcon_core.event_handler.log_command:Invoking command in '/home/abdelghafor/ros2_ws/src/my_first_package': PYTHONPATH=/home/abdelghafor/ros2_ws/src/build/my_first_package/prefix_override:/usr/lib/python3/dist-packages/colcon_core/task/python/colcon_distutils_commands:/home/abdelghafor/ros2_ws/src/install/my_first_package/lib/python3.10/site-packages:${PYTHONPATH} /usr/bin/python3 -W ignore:setup.py install is deprecated -W ignore:easy_install command is deprecated setup.py egg_info --egg-base ../build/my_first_package build --build-base /home/abdelghafor/ros2_ws/src/build/my_first_package/build install --record /home/abdelghafor/ros2_ws/src/build/my_first_package/install.log --single-version-externally-managed install_data
[1.209s] DEBUG:colcon.colcon_core.event_handler.log_command:Invoking command in '/home/abdelghafor/ros2_ws/src/simple_params': PYTHONPATH=/home/abdelghafor/ros2_ws/src/build/simple_params/prefix_override:/usr/lib/python3/dist-packages/colcon_core/task/python/colcon_distutils_commands:/home/abdelghafor/ros2_ws/src/install/simple_params/lib/python3.10/site-packages:${PYTHONPATH} /usr/bin/python3 -W ignore:setup.py install is deprecated -W ignore:easy_install command is deprecated setup.py egg_info --egg-base ../build/simple_params build --build-base /home/abdelghafor/ros2_ws/src/build/simple_params/build install --record /home/abdelghafor/ros2_ws/src/build/simple_params/install.log --single-version-externally-managed install_data
[1.245s] DEBUG:colcon.colcon_core.event_handler.log_command:Invoked command in '/home/abdelghafor/ros2_ws/src/build/custom_interfaces' returned '0': CMAKE_PREFIX_PATH=${CMAKE_PREFIX_PATH}:/home/abdelghafor/ros2_ws/install/simple_params:/home/abdelghafor/ros2_ws/install/robot_actions:/home/abdelghafor/ros2_ws/install/my_first_package:/opt/ros/humble /usr/bin/cmake /home/abdelghafor/ros2_ws/src/custom_interfaces -DCMAKE_INSTALL_PREFIX=/home/abdelghafor/ros2_ws/src/install/custom_interfaces
[1.246s] DEBUG:colcon.colcon_core.event_handler.log_command:Invoking command in '/home/abdelghafor/ros2_ws/src/build/custom_interfaces': CMAKE_PREFIX_PATH=${CMAKE_PREFIX_PATH}:/home/abdelghafor/ros2_ws/install/simple_params:/home/abdelghafor/ros2_ws/install/robot_actions:/home/abdelghafor/ros2_ws/install/my_first_package:/opt/ros/humble /usr/bin/cmake --build /home/abdelghafor/ros2_ws/src/build/custom_interfaces -- -j16 -l16
[1.307s] DEBUG:colcon.colcon_core.event_handler.log_command:Invoked command in '/home/abdelghafor/ros2_ws/src/build/custom_interfaces' returned '0': CMAKE_PREFIX_PATH=${CMAKE_PREFIX_PATH}:/home/abdelghafor/ros2_ws/install/simple_params:/home/abdelghafor/ros2_ws/install/robot_actions:/home/abdelghafor/ros2_ws/install/my_first_package:/opt/ros/humble /usr/bin/cmake --build /home/abdelghafor/ros2_ws/src/build/custom_interfaces -- -j16 -l16
[1.325s] DEBUG:colcon.colcon_core.event_handler.log_command:Invoking command in '/home/abdelghafor/ros2_ws/src/build/custom_interfaces': CMAKE_PREFIX_PATH=${CMAKE_PREFIX_PATH}:/home/abdelghafor/ros2_ws/install/simple_params:/home/abdelghafor/ros2_ws/install/robot_actions:/home/abdelghafor/ros2_ws/install/my_first_package:/opt/ros/humble /usr/bin/cmake --install /home/abdelghafor/ros2_ws/src/build/custom_interfaces
[1.341s] Level 1:colcon.colcon_core.environment:create_environment_scripts_only(custom_interfaces)
[1.343s] DEBUG:colcon.colcon_core.event_handler.log_command:Invoked command in '/home/abdelghafor/ros2_ws/src/build/custom_interfaces' returned '0': CMAKE_PREFIX_PATH=${CMAKE_PREFIX_PATH}:/home/abdelghafor/ros2_ws/install/simple_params:/home/abdelghafor/ros2_ws/install/robot_actions:/home/abdelghafor/ros2_ws/install/my_first_package:/opt/ros/humble /usr/bin/cmake --install /home/abdelghafor/ros2_ws/src/build/custom_interfaces
[1.345s] Level 1:colcon.colcon_core.environment:checking '/home/abdelghafor/ros2_ws/src/install/custom_interfaces' for CMake module files
[1.346s] Level 1:colcon.colcon_core.environment:checking '/home/abdelghafor/ros2_ws/src/install/custom_interfaces' for CMake config files
[1.346s] Level 1:colcon.colcon_core.shell:create_environment_hook('custom_interfaces', 'cmake_prefix_path')
[1.346s] INFO:colcon.colcon_core.shell:Creating environment hook '/home/abdelghafor/ros2_ws/src/install/custom_interfaces/share/custom_interfaces/hook/cmake_prefix_path.ps1'
[1.346s] INFO:colcon.colcon_core.shell:Creating environment descriptor '/home/abdelghafor/ros2_ws/src/install/custom_interfaces/share/custom_interfaces/hook/cmake_prefix_path.dsv'
[1.347s] INFO:colcon.colcon_core.shell:Creating environment hook '/home/abdelghafor/ros2_ws/src/install/custom_interfaces/share/custom_interfaces/hook/cmake_prefix_path.sh'
[1.347s] Level 1:colcon.colcon_core.environment:checking '/home/abdelghafor/ros2_ws/src/install/custom_interfaces/bin'
[1.347s] Level 1:colcon.colcon_core.environment:checking '/home/abdelghafor/ros2_ws/src/install/custom_interfaces/lib/pkgconfig/custom_interfaces.pc'
[1.347s] Level 1:colcon.colcon_core.environment:checking '/home/abdelghafor/ros2_ws/src/install/custom_interfaces/lib/python3.10/site-packages'
[1.348s] Level 1:colcon.colcon_core.environment:checking '/home/abdelghafor/ros2_ws/src/install/custom_interfaces/bin'
[1.348s] INFO:colcon.colcon_core.shell:Creating package script '/home/abdelghafor/ros2_ws/src/install/custom_interfaces/share/custom_interfaces/package.ps1'
[1.348s] INFO:colcon.colcon_core.shell:Creating package descriptor '/home/abdelghafor/ros2_ws/src/install/custom_interfaces/share/custom_interfaces/package.dsv'
[1.349s] INFO:colcon.colcon_core.shell:Creating package script '/home/abdelghafor/ros2_ws/src/install/custom_interfaces/share/custom_interfaces/package.sh'
[1.349s] INFO:colcon.colcon_core.shell:Creating package script '/home/abdelghafor/ros2_ws/src/install/custom_interfaces/share/custom_interfaces/package.bash'
[1.350s] INFO:colcon.colcon_core.shell:Creating package script '/home/abdelghafor/ros2_ws/src/install/custom_interfaces/share/custom_interfaces/package.zsh'
[1.350s] Level 1:colcon.colcon_core.environment:create_file_with_runtime_dependencies(/home/abdelghafor/ros2_ws/src/install/custom_interfaces/share/colcon-core/packages/custom_interfaces)
[1.351s] Level 1:colcon.colcon_core.environment:create_environment_scripts_only(custom_interfaces)
[1.351s] Level 1:colcon.colcon_core.environment:checking '/home/abdelghafor/ros2_ws/src/install/custom_interfaces' for CMake module files
[1.351s] Level 1:colcon.colcon_core.environment:checking '/home/abdelghafor/ros2_ws/src/install/custom_interfaces' for CMake config files
[1.352s] Level 1:colcon.colcon_core.shell:create_environment_hook('custom_interfaces', 'cmake_prefix_path')
[1.352s] INFO:colcon.colcon_core.shell:Creating environment hook '/home/abdelghafor/ros2_ws/src/install/custom_interfaces/share/custom_interfaces/hook/cmake_prefix_path.ps1'
[1.352s] INFO:colcon.colcon_core.shell:Creating environment descriptor '/home/abdelghafor/ros2_ws/src/install/custom_interfaces/share/custom_interfaces/hook/cmake_prefix_path.dsv'
[1.353s] INFO:colcon.colcon_core.shell:Creating environment hook '/home/abdelghafor/ros2_ws/src/install/custom_interfaces/share/custom_interfaces/hook/cmake_prefix_path.sh'
[1.353s] Level 1:colcon.colcon_core.environment:checking '/home/abdelghafor/ros2_ws/src/install/custom_interfaces/bin'
[1.353s] Level 1:colcon.colcon_core.environment:checking '/home/abdelghafor/ros2_ws/src/install/custom_interfaces/lib/pkgconfig/custom_interfaces.pc'
[1.353s] Level 1:colcon.colcon_core.environment:checking '/home/abdelghafor/ros2_ws/src/install/custom_interfaces/lib/python3.10/site-packages'
[1.353s] Level 1:colcon.colcon_core.environment:checking '/home/abdelghafor/ros2_ws/src/install/custom_interfaces/bin'
[1.354s] INFO:colcon.colcon_core.shell:Creating package script '/home/abdelghafor/ros2_ws/src/install/custom_interfaces/share/custom_interfaces/package.ps1'
[1.354s] INFO:colcon.colcon_core.shell:Creating package descriptor '/home/abdelghafor/ros2_ws/src/install/custom_interfaces/share/custom_interfaces/package.dsv'
[1.354s] INFO:colcon.colcon_core.shell:Creating package script '/home/abdelghafor/ros2_ws/src/install/custom_interfaces/share/custom_interfaces/package.sh'
[1.355s] INFO:colcon.colcon_core.shell:Creating package script '/home/abdelghafor/ros2_ws/src/install/custom_interfaces/share/custom_interfaces/package.bash'
[1.355s] INFO:colcon.colcon_core.shell:Creating package script '/home/abdelghafor/ros2_ws/src/install/custom_interfaces/share/custom_interfaces/package.zsh'
[1.356s] Level 1:colcon.colcon_core.environment:create_file_with_runtime_dependencies(/home/abdelghafor/ros2_ws/src/install/custom_interfaces/share/colcon-core/packages/custom_interfaces)
[1.356s] INFO:colcon.colcon_ros.task.ament_python.build:Building ROS package in '/home/abdelghafor/ros2_ws/src/robot_actions' with build type 'ament_python'
[1.356s] Level 1:colcon.colcon_core.shell:create_environment_hook('robot_actions', 'ament_prefix_path')
[1.356s] INFO:colcon.colcon_core.shell:Creating environment hook '/home/abdelghafor/ros2_ws/src/install/robot_actions/share/robot_actions/hook/ament_prefix_path.ps1'
[1.357s] INFO:colcon.colcon_core.shell:Creating environment descriptor '/home/abdelghafor/ros2_ws/src/install/robot_actions/share/robot_actions/hook/ament_prefix_path.dsv'
[1.358s] INFO:colcon.colcon_core.shell:Creating environment hook '/home/abdelghafor/ros2_ws/src/install/robot_actions/share/robot_actions/hook/ament_prefix_path.sh'
[1.358s] INFO:colcon.colcon_core.shell:Skip shell extension 'powershell' for command environment: Not usable outside of PowerShell
[1.358s] DEBUG:colcon.colcon_core.shell:Skip shell extension 'dsv' for command environment
[1.611s] INFO:colcon.colcon_core.task.python.build:Building Python package in '/home/abdelghafor/ros2_ws/src/robot_actions'
[1.611s] INFO:colcon.colcon_core.shell:Skip shell extension 'powershell' for command environment: Not usable outside of PowerShell
[1.611s] DEBUG:colcon.colcon_core.shell:Skip shell extension 'dsv' for command environment
[1.622s] Level 1:colcon.colcon_core.environment:checking '/home/abdelghafor/ros2_ws/src/install/simple_params' for CMake module files
[1.622s] DEBUG:colcon.colcon_core.event_handler.log_command:Invoked command in '/home/abdelghafor/ros2_ws/src/simple_params' returned '0': PYTHONPATH=/home/abdelghafor/ros2_ws/src/build/simple_params/prefix_override:/usr/lib/python3/dist-packages/colcon_core/task/python/colcon_distutils_commands:/home/abdelghafor/ros2_ws/src/install/simple_params/lib/python3.10/site-packages:${PYTHONPATH} /usr/bin/python3 -W ignore:setup.py install is deprecated -W ignore:easy_install command is deprecated setup.py egg_info --egg-base ../build/simple_params build --build-base /home/abdelghafor/ros2_ws/src/build/simple_params/build install --record /home/abdelghafor/ros2_ws/src/build/simple_params/install.log --single-version-externally-managed install_data
[1.623s] Level 1:colcon.colcon_core.environment:checking '/home/abdelghafor/ros2_ws/src/install/simple_params' for CMake config files
[1.623s] Level 1:colcon.colcon_core.environment:checking '/home/abdelghafor/ros2_ws/src/install/simple_params/lib'
[1.624s] Level 1:colcon.colcon_core.environment:checking '/home/abdelghafor/ros2_ws/src/install/simple_params/bin'
[1.624s] Level 1:colcon.colcon_core.environment:checking '/home/abdelghafor/ros2_ws/src/install/simple_params/lib/pkgconfig/simple_params.pc'
[1.624s] Level 1:colcon.colcon_core.environment:checking '/home/abdelghafor/ros2_ws/src/install/simple_params/lib/python3.10/site-packages'
[1.624s] Level 1:colcon.colcon_core.shell:create_environment_hook('simple_params', 'pythonpath')
[1.624s] INFO:colcon.colcon_core.shell:Creating environment hook '/home/abdelghafor/ros2_ws/src/install/simple_params/share/simple_params/hook/pythonpath.ps1'
[1.624s] INFO:colcon.colcon_core.shell:Creating environment descriptor '/home/abdelghafor/ros2_ws/src/install/simple_params/share/simple_params/hook/pythonpath.dsv'
[1.625s] INFO:colcon.colcon_core.shell:Creating environment hook '/home/abdelghafor/ros2_ws/src/install/simple_params/share/simple_params/hook/pythonpath.sh'
[1.625s] Level 1:colcon.colcon_core.environment:checking '/home/abdelghafor/ros2_ws/src/install/simple_params/bin'
[1.625s] Level 1:colcon.colcon_core.environment:create_environment_scripts_only(simple_params)
[1.625s] INFO:colcon.colcon_core.shell:Creating package script '/home/abdelghafor/ros2_ws/src/install/simple_params/share/simple_params/package.ps1'
[1.626s] INFO:colcon.colcon_core.shell:Creating package descriptor '/home/abdelghafor/ros2_ws/src/install/simple_params/share/simple_params/package.dsv'
[1.626s] INFO:colcon.colcon_core.shell:Creating package script '/home/abdelghafor/ros2_ws/src/install/simple_params/share/simple_params/package.sh'
[1.626s] INFO:colcon.colcon_core.shell:Creating package script '/home/abdelghafor/ros2_ws/src/install/simple_params/share/simple_params/package.bash'
[1.626s] INFO:colcon.colcon_core.shell:Creating package script '/home/abdelghafor/ros2_ws/src/install/simple_params/share/simple_params/package.zsh'
[1.627s] Level 1:colcon.colcon_core.environment:create_file_with_runtime_dependencies(/home/abdelghafor/ros2_ws/src/install/simple_params/share/colcon-core/packages/simple_params)
[1.629s] Level 1:colcon.colcon_core.environment:checking '/home/abdelghafor/ros2_ws/src/install/my_first_package' for CMake module files
[1.630s] DEBUG:colcon.colcon_core.event_handler.log_command:Invoked command in '/home/abdelghafor/ros2_ws/src/build/robotics_sim_project' returned '0': CMAKE_PREFIX_PATH=${CMAKE_PREFIX_PATH}:/home/abdelghafor/ros2_ws/install/simple_params:/home/abdelghafor/ros2_ws/install/robot_actions:/home/abdelghafor/ros2_ws/install/my_first_package:/opt/ros/humble /usr/bin/cmake /home/abdelghafor/ros2_ws/src/robotics_sim_project -DCMAKE_INSTALL_PREFIX=/home/abdelghafor/ros2_ws/src/install/robotics_sim_project
[1.631s] DEBUG:colcon.colcon_core.event_handler.log_command:Invoking command in '/home/abdelghafor/ros2_ws/src/build/robotics_sim_project': CMAKE_PREFIX_PATH=${CMAKE_PREFIX_PATH}:/home/abdelghafor/ros2_ws/install/simple_params:/home/abdelghafor/ros2_ws/install/robot_actions:/home/abdelghafor/ros2_ws/install/my_first_package:/opt/ros/humble /usr/bin/cmake --build /home/abdelghafor/ros2_ws/src/build/robotics_sim_project -- -j16 -l16
[1.631s] DEBUG:colcon.colcon_core.event_handler.log_command:Invoked command in '/home/abdelghafor/ros2_ws/src/my_first_package' returned '0': PYTHONPATH=/home/abdelghafor/ros2_ws/src/build/my_first_package/prefix_override:/usr/lib/python3/dist-packages/colcon_core/task/python/colcon_distutils_commands:/home/abdelghafor/ros2_ws/src/install/my_first_package/lib/python3.10/site-packages:${PYTHONPATH} /usr/bin/python3 -W ignore:setup.py install is deprecated -W ignore:easy_install command is deprecated setup.py egg_info --egg-base ../build/my_first_package build --build-base /home/abdelghafor/ros2_ws/src/build/my_first_package/build install --record /home/abdelghafor/ros2_ws/src/build/my_first_package/install.log --single-version-externally-managed install_data
[1.631s] Level 1:colcon.colcon_core.environment:checking '/home/abdelghafor/ros2_ws/src/install/my_first_package' for CMake config files
[1.632s] Level 1:colcon.colcon_core.environment:checking '/home/abdelghafor/ros2_ws/src/install/my_first_package/lib'
[1.632s] Level 1:colcon.colcon_core.environment:checking '/home/abdelghafor/ros2_ws/src/install/my_first_package/bin'
[1.632s] Level 1:colcon.colcon_core.environment:checking '/home/abdelghafor/ros2_ws/src/install/my_first_package/lib/pkgconfig/my_first_package.pc'
[1.632s] Level 1:colcon.colcon_core.environment:checking '/home/abdelghafor/ros2_ws/src/install/my_first_package/lib/python3.10/site-packages'
[1.632s] Level 1:colcon.colcon_core.shell:create_environment_hook('my_first_package', 'pythonpath')
[1.632s] INFO:colcon.colcon_core.shell:Creating environment hook '/home/abdelghafor/ros2_ws/src/install/my_first_package/share/my_first_package/hook/pythonpath.ps1'
[1.632s] INFO:colcon.colcon_core.shell:Creating environment descriptor '/home/abdelghafor/ros2_ws/src/install/my_first_package/share/my_first_package/hook/pythonpath.dsv'
[1.633s] INFO:colcon.colcon_core.shell:Creating environment hook '/home/abdelghafor/ros2_ws/src/install/my_first_package/share/my_first_package/hook/pythonpath.sh'
[1.633s] Level 1:colcon.colcon_core.environment:checking '/home/abdelghafor/ros2_ws/src/install/my_first_package/bin'
[1.633s] Level 1:colcon.colcon_core.environment:create_environment_scripts_only(my_first_package)
[1.633s] INFO:colcon.colcon_core.shell:Creating package script '/home/abdelghafor/ros2_ws/src/install/my_first_package/share/my_first_package/package.ps1'
[1.634s] INFO:colcon.colcon_core.shell:Creating package descriptor '/home/abdelghafor/ros2_ws/src/install/my_first_package/share/my_first_package/package.dsv'
[1.634s] INFO:colcon.colcon_core.shell:Creating package script '/home/abdelghafor/ros2_ws/src/install/my_first_package/share/my_first_package/package.sh'
[1.634s] INFO:colcon.colcon_core.shell:Creating package script '/home/abdelghafor/ros2_ws/src/install/my_first_package/share/my_first_package/package.bash'
[1.634s] INFO:colcon.colcon_core.shell:Creating package script '/home/abdelghafor/ros2_ws/src/install/my_first_package/share/my_first_package/package.zsh'
[1.635s] Level 1:colcon.colcon_core.environment:create_file_with_runtime_dependencies(/home/abdelghafor/ros2_ws/src/install/my_first_package/share/colcon-core/packages/my_first_package)
[1.638s] DEBUG:colcon.colcon_core.event_handler.log_command:Invoked command in '/home/abdelghafor/ros2_ws/src/build/robotic_chair_description' returned '0': CMAKE_PREFIX_PATH=${CMAKE_PREFIX_PATH}:/home/abdelghafor/ros2_ws/install/simple_params:/home/abdelghafor/ros2_ws/install/robot_actions:/home/abdelghafor/ros2_ws/install/my_first_package:/opt/ros/humble /usr/bin/cmake /home/abdelghafor/ros2_ws/src/robotic_chair_description  -DCMAKE_INSTALL_PREFIX=/home/abdelghafor/ros2_ws/src/install/robotic_chair_description
[1.638s] DEBUG:colcon.colcon_core.event_handler.log_command:Invoking command in '/home/abdelghafor/ros2_ws/src/build/robotic_chair_description': CMAKE_PREFIX_PATH=${CMAKE_PREFIX_PATH}:/home/abdelghafor/ros2_ws/install/simple_params:/home/abdelghafor/ros2_ws/install/robot_actions:/home/abdelghafor/ros2_ws/install/my_first_package:/opt/ros/humble /usr/bin/cmake --build /home/abdelghafor/ros2_ws/src/build/robotic_chair_description -- -j16 -l16
[1.666s] DEBUG:colcon.colcon_core.event_handler.log_command:Invoked command in '/home/abdelghafor/ros2_ws/src/build/simple_world' returned '0': CMAKE_PREFIX_PATH=${CMAKE_PREFIX_PATH}:/home/abdelghafor/ros2_ws/install/simple_params:/home/abdelghafor/ros2_ws/install/robot_actions:/home/abdelghafor/ros2_ws/install/my_first_package:/opt/ros/humble /usr/bin/cmake /home/abdelghafor/ros2_ws/src/simple_worlds -DCMAKE_INSTALL_PREFIX=/home/abdelghafor/ros2_ws/src/install/simple_world
[1.668s] DEBUG:colcon.colcon_core.event_handler.log_command:Invoking command in '/home/abdelghafor/ros2_ws/src/build/simple_world': CMAKE_PREFIX_PATH=${CMAKE_PREFIX_PATH}:/home/abdelghafor/ros2_ws/install/simple_params:/home/abdelghafor/ros2_ws/install/robot_actions:/home/abdelghafor/ros2_ws/install/my_first_package:/opt/ros/humble /usr/bin/cmake --build /home/abdelghafor/ros2_ws/src/build/simple_world -- -j16 -l16
[1.687s] DEBUG:colcon.colcon_core.event_handler.log_command:Invoked command in '/home/abdelghafor/ros2_ws/src/build/robotics_sim_project' returned '0': CMAKE_PREFIX_PATH=${CMAKE_PREFIX_PATH}:/home/abdelghafor/ros2_ws/install/simple_params:/home/abdelghafor/ros2_ws/install/robot_actions:/home/abdelghafor/ros2_ws/install/my_first_package:/opt/ros/humble /usr/bin/cmake --build /home/abdelghafor/ros2_ws/src/build/robotics_sim_project -- -j16 -l16
[1.689s] DEBUG:colcon.colcon_core.event_handler.log_command:Invoking command in '/home/abdelghafor/ros2_ws/src/build/robotics_sim_project': CMAKE_PREFIX_PATH=${CMAKE_PREFIX_PATH}:/home/abdelghafor/ros2_ws/install/simple_params:/home/abdelghafor/ros2_ws/install/robot_actions:/home/abdelghafor/ros2_ws/install/my_first_package:/opt/ros/humble /usr/bin/cmake --install /home/abdelghafor/ros2_ws/src/build/robotics_sim_project
[1.708s] DEBUG:colcon.colcon_core.event_handler.log_command:Invoked command in '/home/abdelghafor/ros2_ws/src/build/robotic_chair_description' returned '0': CMAKE_PREFIX_PATH=${CMAKE_PREFIX_PATH}:/home/abdelghafor/ros2_ws/install/simple_params:/home/abdelghafor/ros2_ws/install/robot_actions:/home/abdelghafor/ros2_ws/install/my_first_package:/opt/ros/humble /usr/bin/cmake --build /home/abdelghafor/ros2_ws/src/build/robotic_chair_description -- -j16 -l16
[1.711s] DEBUG:colcon.colcon_core.event_handler.log_command:Invoking command in '/home/abdelghafor/ros2_ws/src/build/robotic_chair_description': CMAKE_PREFIX_PATH=${CMAKE_PREFIX_PATH}:/home/abdelghafor/ros2_ws/install/simple_params:/home/abdelghafor/ros2_ws/install/robot_actions:/home/abdelghafor/ros2_ws/install/my_first_package:/opt/ros/humble /usr/bin/cmake --install /home/abdelghafor/ros2_ws/src/build/robotic_chair_description
[1.712s] Level 1:colcon.colcon_core.environment:create_environment_scripts_only(robotics_sim_project)
[1.713s] Level 1:colcon.colcon_core.environment:checking '/home/abdelghafor/ros2_ws/src/install/robotics_sim_project' for CMake module files
[1.714s] DEBUG:colcon.colcon_core.event_handler.log_command:Invoked command in '/home/abdelghafor/ros2_ws/src/build/robotics_sim_project' returned '0': CMAKE_PREFIX_PATH=${CMAKE_PREFIX_PATH}:/home/abdelghafor/ros2_ws/install/simple_params:/home/abdelghafor/ros2_ws/install/robot_actions:/home/abdelghafor/ros2_ws/install/my_first_package:/opt/ros/humble /usr/bin/cmake --install /home/abdelghafor/ros2_ws/src/build/robotics_sim_project
[1.714s] Level 1:colcon.colcon_core.environment:checking '/home/abdelghafor/ros2_ws/src/install/robotics_sim_project' for CMake config files
[1.714s] Level 1:colcon.colcon_core.shell:create_environment_hook('robotics_sim_project', 'cmake_prefix_path')
[1.714s] INFO:colcon.colcon_core.shell:Creating environment hook '/home/abdelghafor/ros2_ws/src/install/robotics_sim_project/share/robotics_sim_project/hook/cmake_prefix_path.ps1'
[1.715s] INFO:colcon.colcon_core.shell:Creating environment descriptor '/home/abdelghafor/ros2_ws/src/install/robotics_sim_project/share/robotics_sim_project/hook/cmake_prefix_path.dsv'
[1.715s] INFO:colcon.colcon_core.shell:Creating environment hook '/home/abdelghafor/ros2_ws/src/install/robotics_sim_project/share/robotics_sim_project/hook/cmake_prefix_path.sh'
[1.715s] Level 1:colcon.colcon_core.environment:checking '/home/abdelghafor/ros2_ws/src/install/robotics_sim_project/bin'
[1.716s] Level 1:colcon.colcon_core.environment:checking '/home/abdelghafor/ros2_ws/src/install/robotics_sim_project/lib/pkgconfig/robotics_sim_project.pc'
[1.716s] Level 1:colcon.colcon_core.environment:checking '/home/abdelghafor/ros2_ws/src/install/robotics_sim_project/lib/python3.10/site-packages'
[1.716s] Level 1:colcon.colcon_core.environment:checking '/home/abdelghafor/ros2_ws/src/install/robotics_sim_project/bin'
[1.716s] INFO:colcon.colcon_core.shell:Creating package script '/home/abdelghafor/ros2_ws/src/install/robotics_sim_project/share/robotics_sim_project/package.ps1'
[1.716s] INFO:colcon.colcon_core.shell:Creating package descriptor '/home/abdelghafor/ros2_ws/src/install/robotics_sim_project/share/robotics_sim_project/package.dsv'
[1.717s] INFO:colcon.colcon_core.shell:Creating package script '/home/abdelghafor/ros2_ws/src/install/robotics_sim_project/share/robotics_sim_project/package.sh'
[1.717s] INFO:colcon.colcon_core.shell:Creating package script '/home/abdelghafor/ros2_ws/src/install/robotics_sim_project/share/robotics_sim_project/package.bash'
[1.717s] INFO:colcon.colcon_core.shell:Creating package script '/home/abdelghafor/ros2_ws/src/install/robotics_sim_project/share/robotics_sim_project/package.zsh'
[1.718s] Level 1:colcon.colcon_core.environment:create_file_with_runtime_dependencies(/home/abdelghafor/ros2_ws/src/install/robotics_sim_project/share/colcon-core/packages/robotics_sim_project)
[1.718s] Level 1:colcon.colcon_core.environment:create_environment_scripts_only(robotics_sim_project)
[1.718s] Level 1:colcon.colcon_core.environment:checking '/home/abdelghafor/ros2_ws/src/install/robotics_sim_project' for CMake module files
[1.719s] Level 1:colcon.colcon_core.environment:checking '/home/abdelghafor/ros2_ws/src/install/robotics_sim_project' for CMake config files
[1.719s] Level 1:colcon.colcon_core.shell:create_environment_hook('robotics_sim_project', 'cmake_prefix_path')
[1.719s] INFO:colcon.colcon_core.shell:Creating environment hook '/home/abdelghafor/ros2_ws/src/install/robotics_sim_project/share/robotics_sim_project/hook/cmake_prefix_path.ps1'
[1.720s] INFO:colcon.colcon_core.shell:Creating environment descriptor '/home/abdelghafor/ros2_ws/src/install/robotics_sim_project/share/robotics_sim_project/hook/cmake_prefix_path.dsv'
[1.720s] INFO:colcon.colcon_core.shell:Creating environment hook '/home/abdelghafor/ros2_ws/src/install/robotics_sim_project/share/robotics_sim_project/hook/cmake_prefix_path.sh'
[1.722s] Level 1:colcon.colcon_core.environment:checking '/home/abdelghafor/ros2_ws/src/install/robotics_sim_project/bin'
[1.722s] Level 1:colcon.colcon_core.environment:checking '/home/abdelghafor/ros2_ws/src/install/robotics_sim_project/lib/pkgconfig/robotics_sim_project.pc'
[1.722s] Level 1:colcon.colcon_core.environment:checking '/home/abdelghafor/ros2_ws/src/install/robotics_sim_project/lib/python3.10/site-packages'
[1.723s] Level 1:colcon.colcon_core.environment:checking '/home/abdelghafor/ros2_ws/src/install/robotics_sim_project/bin'
[1.723s] INFO:colcon.colcon_core.shell:Creating package script '/home/abdelghafor/ros2_ws/src/install/robotics_sim_project/share/robotics_sim_project/package.ps1'
[1.726s] INFO:colcon.colcon_core.shell:Creating package descriptor '/home/abdelghafor/ros2_ws/src/install/robotics_sim_project/share/robotics_sim_project/package.dsv'
[1.727s] INFO:colcon.colcon_core.shell:Creating package script '/home/abdelghafor/ros2_ws/src/install/robotics_sim_project/share/robotics_sim_project/package.sh'
[1.728s] INFO:colcon.colcon_core.shell:Creating package script '/home/abdelghafor/ros2_ws/src/install/robotics_sim_project/share/robotics_sim_project/package.bash'
[1.728s] INFO:colcon.colcon_core.shell:Creating package script '/home/abdelghafor/ros2_ws/src/install/robotics_sim_project/share/robotics_sim_project/package.zsh'
[1.728s] Level 1:colcon.colcon_core.environment:create_file_with_runtime_dependencies(/home/abdelghafor/ros2_ws/src/install/robotics_sim_project/share/colcon-core/packages/robotics_sim_project)
[1.731s] DEBUG:colcon.colcon_core.event_handler.log_command:Invoked command in '/home/abdelghafor/ros2_ws/src/build/simple_world' returned '0': CMAKE_PREFIX_PATH=${CMAKE_PREFIX_PATH}:/home/abdelghafor/ros2_ws/install/simple_params:/home/abdelghafor/ros2_ws/install/robot_actions:/home/abdelghafor/ros2_ws/install/my_first_package:/opt/ros/humble /usr/bin/cmake --build /home/abdelghafor/ros2_ws/src/build/simple_world -- -j16 -l16
[1.734s] Level 1:colcon.colcon_core.environment:create_environment_scripts_only(robotic_chair_description)
[1.734s] Level 1:colcon.colcon_core.environment:checking '/home/abdelghafor/ros2_ws/src/install/robotic_chair_description' for CMake module files
[1.736s] DEBUG:colcon.colcon_core.event_handler.log_command:Invoking command in '/home/abdelghafor/ros2_ws/src/build/simple_world': CMAKE_PREFIX_PATH=${CMAKE_PREFIX_PATH}:/home/abdelghafor/ros2_ws/install/simple_params:/home/abdelghafor/ros2_ws/install/robot_actions:/home/abdelghafor/ros2_ws/install/my_first_package:/opt/ros/humble /usr/bin/cmake --install /home/abdelghafor/ros2_ws/src/build/simple_world
[1.736s] DEBUG:colcon.colcon_core.event_handler.log_command:Invoked command in '/home/abdelghafor/ros2_ws/src/build/robotic_chair_description' returned '0': CMAKE_PREFIX_PATH=${CMAKE_PREFIX_PATH}:/home/abdelghafor/ros2_ws/install/simple_params:/home/abdelghafor/ros2_ws/install/robot_actions:/home/abdelghafor/ros2_ws/install/my_first_package:/opt/ros/humble /usr/bin/cmake --install /home/abdelghafor/ros2_ws/src/build/robotic_chair_description
[1.737s] Level 1:colcon.colcon_core.environment:checking '/home/abdelghafor/ros2_ws/src/install/robotic_chair_description' for CMake config files
[1.737s] Level 1:colcon.colcon_core.shell:create_environment_hook('robotic_chair_description', 'cmake_prefix_path')
[1.738s] INFO:colcon.colcon_core.shell:Creating environment hook '/home/abdelghafor/ros2_ws/src/install/robotic_chair_description/share/robotic_chair_description/hook/cmake_prefix_path.ps1'
[1.738s] INFO:colcon.colcon_core.shell:Creating environment descriptor '/home/abdelghafor/ros2_ws/src/install/robotic_chair_description/share/robotic_chair_description/hook/cmake_prefix_path.dsv'
[1.738s] INFO:colcon.colcon_core.shell:Creating environment hook '/home/abdelghafor/ros2_ws/src/install/robotic_chair_description/share/robotic_chair_description/hook/cmake_prefix_path.sh'
[1.739s] Level 1:colcon.colcon_core.environment:checking '/home/abdelghafor/ros2_ws/src/install/robotic_chair_description/bin'
[1.739s] Level 1:colcon.colcon_core.environment:checking '/home/abdelghafor/ros2_ws/src/install/robotic_chair_description/lib/pkgconfig/robotic_chair_description.pc'
[1.739s] Level 1:colcon.colcon_core.environment:checking '/home/abdelghafor/ros2_ws/src/install/robotic_chair_description/lib/python3.10/site-packages'
[1.739s] Level 1:colcon.colcon_core.environment:checking '/home/abdelghafor/ros2_ws/src/install/robotic_chair_description/bin'
[1.739s] INFO:colcon.colcon_core.shell:Creating package script '/home/abdelghafor/ros2_ws/src/install/robotic_chair_description/share/robotic_chair_description/package.ps1'
[1.740s] INFO:colcon.colcon_core.shell:Creating package descriptor '/home/abdelghafor/ros2_ws/src/install/robotic_chair_description/share/robotic_chair_description/package.dsv'
[1.740s] INFO:colcon.colcon_core.shell:Creating package script '/home/abdelghafor/ros2_ws/src/install/robotic_chair_description/share/robotic_chair_description/package.sh'
[1.740s] INFO:colcon.colcon_core.shell:Creating package script '/home/abdelghafor/ros2_ws/src/install/robotic_chair_description/share/robotic_chair_description/package.bash'
[1.741s] INFO:colcon.colcon_core.shell:Creating package script '/home/abdelghafor/ros2_ws/src/install/robotic_chair_description/share/robotic_chair_description/package.zsh'
[1.741s] Level 1:colcon.colcon_core.environment:create_file_with_runtime_dependencies(/home/abdelghafor/ros2_ws/src/install/robotic_chair_description/share/colcon-core/packages/robotic_chair_description)
[1.741s] Level 1:colcon.colcon_core.environment:create_environment_scripts_only(robotic_chair_description)
[1.742s] Level 1:colcon.colcon_core.environment:checking '/home/abdelghafor/ros2_ws/src/install/robotic_chair_description' for CMake module files
[1.742s] Level 1:colcon.colcon_core.environment:checking '/home/abdelghafor/ros2_ws/src/install/robotic_chair_description' for CMake config files
[1.742s] Level 1:colcon.colcon_core.shell:create_environment_hook('robotic_chair_description', 'cmake_prefix_path')
[1.743s] INFO:colcon.colcon_core.shell:Creating environment hook '/home/abdelghafor/ros2_ws/src/install/robotic_chair_description/share/robotic_chair_description/hook/cmake_prefix_path.ps1'
[1.743s] INFO:colcon.colcon_core.shell:Creating environment descriptor '/home/abdelghafor/ros2_ws/src/install/robotic_chair_description/share/robotic_chair_description/hook/cmake_prefix_path.dsv'
[1.743s] INFO:colcon.colcon_core.shell:Creating environment hook '/home/abdelghafor/ros2_ws/src/install/robotic_chair_description/share/robotic_chair_description/hook/cmake_prefix_path.sh'
[1.744s] Level 1:colcon.colcon_core.environment:checking '/home/abdelghafor/ros2_ws/src/install/robotic_chair_description/bin'
[1.744s] Level 1:colcon.colcon_core.environment:checking '/home/abdelghafor/ros2_ws/src/install/robotic_chair_description/lib/pkgconfig/robotic_chair_description.pc'
[1.744s] Level 1:colcon.colcon_core.environment:checking '/home/abdelghafor/ros2_ws/src/install/robotic_chair_description/lib/python3.10/site-packages'
[1.744s] Level 1:colcon.colcon_core.environment:checking '/home/abdelghafor/ros2_ws/src/install/robotic_chair_description/bin'
[1.744s] INFO:colcon.colcon_core.shell:Creating package script '/home/abdelghafor/ros2_ws/src/install/robotic_chair_description/share/robotic_chair_description/package.ps1'
[1.745s] INFO:colcon.colcon_core.shell:Creating package descriptor '/home/abdelghafor/ros2_ws/src/install/robotic_chair_description/share/robotic_chair_description/package.dsv'
[1.746s] INFO:colcon.colcon_core.shell:Creating package script '/home/abdelghafor/ros2_ws/src/install/robotic_chair_description/share/robotic_chair_description/package.sh'
[1.749s] INFO:colcon.colcon_core.shell:Creating package script '/home/abdelghafor/ros2_ws/src/install/robotic_chair_description/share/robotic_chair_description/package.bash'
[1.751s] INFO:colcon.colcon_core.shell:Creating package script '/home/abdelghafor/ros2_ws/src/install/robotic_chair_description/share/robotic_chair_description/package.zsh'
[1.752s] Level 1:colcon.colcon_core.environment:create_file_with_runtime_dependencies(/home/abdelghafor/ros2_ws/src/install/robotic_chair_description/share/colcon-core/packages/robotic_chair_description)
[1.754s] Level 1:colcon.colcon_core.environment:create_environment_scripts_only(simple_world)
[1.754s] Level 1:colcon.colcon_core.environment:checking '/home/abdelghafor/ros2_ws/src/install/simple_world' for CMake module files
[1.755s] DEBUG:colcon.colcon_core.event_handler.log_command:Invoked command in '/home/abdelghafor/ros2_ws/src/build/simple_world' returned '0': CMAKE_PREFIX_PATH=${CMAKE_PREFIX_PATH}:/home/abdelghafor/ros2_ws/install/simple_params:/home/abdelghafor/ros2_ws/install/robot_actions:/home/abdelghafor/ros2_ws/install/my_first_package:/opt/ros/humble /usr/bin/cmake --install /home/abdelghafor/ros2_ws/src/build/simple_world
[1.755s] Level 1:colcon.colcon_core.environment:checking '/home/abdelghafor/ros2_ws/src/install/simple_world' for CMake config files
[1.756s] Level 1:colcon.colcon_core.shell:create_environment_hook('simple_world', 'cmake_prefix_path')
[1.756s] INFO:colcon.colcon_core.shell:Creating environment hook '/home/abdelghafor/ros2_ws/src/install/simple_world/share/simple_world/hook/cmake_prefix_path.ps1'
[1.756s] INFO:colcon.colcon_core.shell:Creating environment descriptor '/home/abdelghafor/ros2_ws/src/install/simple_world/share/simple_world/hook/cmake_prefix_path.dsv'
[1.757s] INFO:colcon.colcon_core.shell:Creating environment hook '/home/abdelghafor/ros2_ws/src/install/simple_world/share/simple_world/hook/cmake_prefix_path.sh'
[1.757s] Level 1:colcon.colcon_core.environment:checking '/home/abdelghafor/ros2_ws/src/install/simple_world/bin'
[1.757s] Level 1:colcon.colcon_core.environment:checking '/home/abdelghafor/ros2_ws/src/install/simple_world/lib/pkgconfig/simple_world.pc'
[1.757s] Level 1:colcon.colcon_core.environment:checking '/home/abdelghafor/ros2_ws/src/install/simple_world/lib/python3.10/site-packages'
[1.757s] Level 1:colcon.colcon_core.environment:checking '/home/abdelghafor/ros2_ws/src/install/simple_world/bin'
[1.758s] INFO:colcon.colcon_core.shell:Creating package script '/home/abdelghafor/ros2_ws/src/install/simple_world/share/simple_world/package.ps1'
[1.758s] INFO:colcon.colcon_core.shell:Creating package descriptor '/home/abdelghafor/ros2_ws/src/install/simple_world/share/simple_world/package.dsv'
[1.758s] INFO:colcon.colcon_core.shell:Creating package script '/home/abdelghafor/ros2_ws/src/install/simple_world/share/simple_world/package.sh'
[1.759s] INFO:colcon.colcon_core.shell:Creating package script '/home/abdelghafor/ros2_ws/src/install/simple_world/share/simple_world/package.bash'
[1.759s] INFO:colcon.colcon_core.shell:Creating package script '/home/abdelghafor/ros2_ws/src/install/simple_world/share/simple_world/package.zsh'
[1.759s] Level 1:colcon.colcon_core.environment:create_file_with_runtime_dependencies(/home/abdelghafor/ros2_ws/src/install/simple_world/share/colcon-core/packages/simple_world)
[1.760s] Level 1:colcon.colcon_core.environment:create_environment_scripts_only(simple_world)
[1.760s] Level 1:colcon.colcon_core.environment:checking '/home/abdelghafor/ros2_ws/src/install/simple_world' for CMake module files
[1.760s] Level 1:colcon.colcon_core.environment:checking '/home/abdelghafor/ros2_ws/src/install/simple_world' for CMake config files
[1.761s] Level 1:colcon.colcon_core.shell:create_environment_hook('simple_world', 'cmake_prefix_path')
[1.761s] INFO:colcon.colcon_core.shell:Creating environment hook '/home/abdelghafor/ros2_ws/src/install/simple_world/share/simple_world/hook/cmake_prefix_path.ps1'
[1.762s] INFO:colcon.colcon_core.shell:Creating environment descriptor '/home/abdelghafor/ros2_ws/src/install/simple_world/share/simple_world/hook/cmake_prefix_path.dsv'
[1.762s] INFO:colcon.colcon_core.shell:Creating environment hook '/home/abdelghafor/ros2_ws/src/install/simple_world/share/simple_world/hook/cmake_prefix_path.sh'
[1.763s] Level 1:colcon.colcon_core.environment:checking '/home/abdelghafor/ros2_ws/src/install/simple_world/bin'
[1.763s] Level 1:colcon.colcon_core.environment:checking '/home/abdelghafor/ros2_ws/src/install/simple_world/lib/pkgconfig/simple_world.pc'
[1.763s] Level 1:colcon.colcon_core.environment:checking '/home/abdelghafor/ros2_ws/src/install/simple_world/lib/python3.10/site-packages'
[1.763s] Level 1:colcon.colcon_core.environment:checking '/home/abdelghafor/ros2_ws/src/install/simple_world/bin'
[1.763s] INFO:colcon.colcon_core.shell:Creating package script '/home/abdelghafor/ros2_ws/src/install/simple_world/share/simple_world/package.ps1'
[1.764s] INFO:colcon.colcon_core.shell:Creating package descriptor '/home/abdelghafor/ros2_ws/src/install/simple_world/share/simple_world/package.dsv'
[1.764s] INFO:colcon.colcon_core.shell:Creating package script '/home/abdelghafor/ros2_ws/src/install/simple_world/share/simple_world/package.sh'
[1.765s] INFO:colcon.colcon_core.shell:Creating package script '/home/abdelghafor/ros2_ws/src/install/simple_world/share/simple_world/package.bash'
[1.765s] INFO:colcon.colcon_core.shell:Creating package script '/home/abdelghafor/ros2_ws/src/install/simple_world/share/simple_world/package.zsh'
[1.765s] Level 1:colcon.colcon_core.environment:create_file_with_runtime_dependencies(/home/abdelghafor/ros2_ws/src/install/simple_world/share/colcon-core/packages/simple_world)
[1.941s] DEBUG:colcon.colcon_core.event_handler.log_command:Invoking command in '/home/abdelghafor/ros2_ws/src/robot_actions': AMENT_PREFIX_PATH=/home/abdelghafor/ros2_ws/src/install/custom_interfaces:${AMENT_PREFIX_PATH} CMAKE_PREFIX_PATH=/home/abdelghafor/ros2_ws/src/install/custom_interfaces:${CMAKE_PREFIX_PATH} PYTHONPATH=/home/abdelghafor/ros2_ws/src/build/robot_actions/prefix_override:/usr/lib/python3/dist-packages/colcon_core/task/python/colcon_distutils_commands:/home/abdelghafor/ros2_ws/src/install/robot_actions/lib/python3.10/site-packages:${PYTHONPATH} /usr/bin/python3 -W ignore:setup.py install is deprecated -W ignore:easy_install command is deprecated setup.py egg_info --egg-base ../build/robot_actions build --build-base /home/abdelghafor/ros2_ws/src/build/robot_actions/build install --record /home/abdelghafor/ros2_ws/src/build/robot_actions/install.log --single-version-externally-managed install_data
[2.214s] Level 1:colcon.colcon_core.environment:checking '/home/abdelghafor/ros2_ws/src/install/robot_actions' for CMake module files
[2.214s] DEBUG:colcon.colcon_core.event_handler.log_command:Invoked command in '/home/abdelghafor/ros2_ws/src/robot_actions' returned '0': AMENT_PREFIX_PATH=/home/abdelghafor/ros2_ws/src/install/custom_interfaces:${AMENT_PREFIX_PATH} CMAKE_PREFIX_PATH=/home/abdelghafor/ros2_ws/src/install/custom_interfaces:${CMAKE_PREFIX_PATH} PYTHONPATH=/home/abdelghafor/ros2_ws/src/build/robot_actions/prefix_override:/usr/lib/python3/dist-packages/colcon_core/task/python/colcon_distutils_commands:/home/abdelghafor/ros2_ws/src/install/robot_actions/lib/python3.10/site-packages:${PYTHONPATH} /usr/bin/python3 -W ignore:setup.py install is deprecated -W ignore:easy_install command is deprecated setup.py egg_info --egg-base ../build/robot_actions build --build-base /home/abdelghafor/ros2_ws/src/build/robot_actions/build install --record /home/abdelghafor/ros2_ws/src/build/robot_actions/install.log --single-version-externally-managed install_data
[2.215s] Level 1:colcon.colcon_core.environment:checking '/home/abdelghafor/ros2_ws/src/install/robot_actions' for CMake config files
[2.215s] Level 1:colcon.colcon_core.environment:checking '/home/abdelghafor/ros2_ws/src/install/robot_actions/lib'
[2.215s] Level 1:colcon.colcon_core.environment:checking '/home/abdelghafor/ros2_ws/src/install/robot_actions/bin'
[2.216s] Level 1:colcon.colcon_core.environment:checking '/home/abdelghafor/ros2_ws/src/install/robot_actions/lib/pkgconfig/robot_actions.pc'
[2.216s] Level 1:colcon.colcon_core.environment:checking '/home/abdelghafor/ros2_ws/src/install/robot_actions/lib/python3.10/site-packages'
[2.216s] Level 1:colcon.colcon_core.shell:create_environment_hook('robot_actions', 'pythonpath')
[2.216s] INFO:colcon.colcon_core.shell:Creating environment hook '/home/abdelghafor/ros2_ws/src/install/robot_actions/share/robot_actions/hook/pythonpath.ps1'
[2.216s] INFO:colcon.colcon_core.shell:Creating environment descriptor '/home/abdelghafor/ros2_ws/src/install/robot_actions/share/robot_actions/hook/pythonpath.dsv'
[2.217s] INFO:colcon.colcon_core.shell:Creating environment hook '/home/abdelghafor/ros2_ws/src/install/robot_actions/share/robot_actions/hook/pythonpath.sh'
[2.217s] Level 1:colcon.colcon_core.environment:checking '/home/abdelghafor/ros2_ws/src/install/robot_actions/bin'
[2.217s] Level 1:colcon.colcon_core.environment:create_environment_scripts_only(robot_actions)
[2.217s] INFO:colcon.colcon_core.shell:Creating package script '/home/abdelghafor/ros2_ws/src/install/robot_actions/share/robot_actions/package.ps1'
[2.218s] INFO:colcon.colcon_core.shell:Creating package descriptor '/home/abdelghafor/ros2_ws/src/install/robot_actions/share/robot_actions/package.dsv'
[2.218s] INFO:colcon.colcon_core.shell:Creating package script '/home/abdelghafor/ros2_ws/src/install/robot_actions/share/robot_actions/package.sh'
[2.218s] INFO:colcon.colcon_core.shell:Creating package script '/home/abdelghafor/ros2_ws/src/install/robot_actions/share/robot_actions/package.bash'
[2.218s] INFO:colcon.colcon_core.shell:Creating package script '/home/abdelghafor/ros2_ws/src/install/robot_actions/share/robot_actions/package.zsh'
[2.219s] Level 1:colcon.colcon_core.environment:create_file_with_runtime_dependencies(/home/abdelghafor/ros2_ws/src/install/robot_actions/share/colcon-core/packages/robot_actions)
[2.219s] DEBUG:colcon.colcon_parallel_executor.executor.parallel:closing loop
[2.219s] DEBUG:colcon.colcon_parallel_executor.executor.parallel:loop closed
[2.219s] DEBUG:colcon.colcon_parallel_executor.executor.parallel:run_until_complete finished with '0'
[2.219s] DEBUG:colcon.colcon_core.event_reactor:joining thread
[2.227s] INFO:colcon.colcon_core.plugin_system:Skipping extension 'colcon_notification.desktop_notification.terminal_notifier': Not used on non-Darwin systems
[2.227s] INFO:colcon.colcon_core.plugin_system:Skipping extension 'colcon_notification.desktop_notification.win32': Not used on non-Windows systems
[2.227s] INFO:colcon.colcon_notification.desktop_notification:Sending desktop notification using 'notify2'
[2.249s] DEBUG:colcon.colcon_core.event_reactor:joined thread
[2.250s] INFO:colcon.colcon_core.shell:Creating prefix script '/home/abdelghafor/ros2_ws/src/install/local_setup.ps1'
[2.250s] INFO:colcon.colcon_core.shell:Creating prefix util module '/home/abdelghafor/ros2_ws/src/install/_local_setup_util_ps1.py'
[2.251s] INFO:colcon.colcon_core.shell:Creating prefix chain script '/home/abdelghafor/ros2_ws/src/install/setup.ps1'
[2.253s] INFO:colcon.colcon_core.shell:Creating prefix script '/home/abdelghafor/ros2_ws/src/install/local_setup.sh'
[2.253s] INFO:colcon.colcon_core.shell:Creating prefix util module '/home/abdelghafor/ros2_ws/src/install/_local_setup_util_sh.py'
[2.253s] INFO:colcon.colcon_core.shell:Creating prefix chain script '/home/abdelghafor/ros2_ws/src/install/setup.sh'
[2.255s] INFO:colcon.colcon_core.shell:Creating prefix script '/home/abdelghafor/ros2_ws/src/install/local_setup.bash'
[2.255s] INFO:colcon.colcon_core.shell:Creating prefix chain script '/home/abdelghafor/ros2_ws/src/install/setup.bash'
[2.256s] INFO:colcon.colcon_core.shell:Creating prefix script '/home/abdelghafor/ros2_ws/src/install/local_setup.zsh'
[2.257s] INFO:colcon.colcon_core.shell:Creating prefix chain script '/home/abdelghafor/ros2_ws/src/install/setup.zsh'
